2014-02-12 04:19:13 Error: [MissingControllerException] Controller class UsersController could not be found.
Exception Attributes: array (
  'class' => 'UsersController',
  'plugin' => NULL,
)
Request URL: /nicaraguita/users/login
Stack Trace:
#0 C:\wamp\www\nicaraguita\webroot\index.php(110): Dispatcher->dispatch(Object(CakeRequest), Object(CakeResponse))
#1 {main}
2014-02-12 04:19:24 Error: [MissingControllerException] Controller class UsersController could not be found.
Exception Attributes: array (
  'class' => 'UsersController',
  'plugin' => NULL,
)
Request URL: /nicaraguita/users/login
Stack Trace:
#0 C:\wamp\www\nicaraguita\webroot\index.php(110): Dispatcher->dispatch(Object(CakeRequest), Object(CakeResponse))
#1 {main}
2014-02-12 04:19:24 Error: Fatal Error (1): Call to a member function read() on a non-object in [C:\wamp\www\nicaraguita\Controller\AppController.php, line 50]
2014-02-12 04:19:24 Error: [FatalErrorException] Call to a member function read() on a non-object
Request URL: /nicaraguita/users/login
Stack Trace:
#0 C:\wamp\www\cakephp2.3.6\lib\Cake\Error\ErrorHandler.php(184): ErrorHandler::handleFatalError(1, 'Call to a membe...', 'C:\wamp\www\nic...', 50)
#1 [internal function]: ErrorHandler::handleError(1, 'Call to a membe...', 'C:\wamp\www\nic...', 50, Array)
#2 C:\wamp\www\cakephp2.3.6\lib\Cake\Core\App.php(927): call_user_func('ErrorHandler::h...', 1, 'Call to a membe...', 'C:\wamp\www\nic...', 50, Array)
#3 C:\wamp\www\cakephp2.3.6\lib\Cake\Core\App.php(900): App::_checkFatalError()
#4 [internal function]: App::shutdown()
#5 {main}
2014-02-12 04:19:27 Error: [MissingControllerException] Controller class UsersController could not be found.
Exception Attributes: array (
  'class' => 'UsersController',
  'plugin' => NULL,
)
Request URL: /nicaraguita/users/login
Stack Trace:
#0 C:\wamp\www\nicaraguita\webroot\index.php(110): Dispatcher->dispatch(Object(CakeRequest), Object(CakeResponse))
#1 {main}
2014-02-12 04:19:27 Error: Fatal Error (1): Call to a member function read() on a non-object in [C:\wamp\www\nicaraguita\Controller\AppController.php, line 50]
2014-02-12 04:19:27 Error: [FatalErrorException] Call to a member function read() on a non-object
Request URL: /nicaraguita/users/login
Stack Trace:
#0 C:\wamp\www\cakephp2.3.6\lib\Cake\Error\ErrorHandler.php(184): ErrorHandler::handleFatalError(1, 'Call to a membe...', 'C:\wamp\www\nic...', 50)
#1 [internal function]: ErrorHandler::handleError(1, 'Call to a membe...', 'C:\wamp\www\nic...', 50, Array)
#2 C:\wamp\www\cakephp2.3.6\lib\Cake\Core\App.php(927): call_user_func('ErrorHandler::h...', 1, 'Call to a membe...', 'C:\wamp\www\nic...', 50, Array)
#3 C:\wamp\www\cakephp2.3.6\lib\Cake\Core\App.php(900): App::_checkFatalError()
#4 [internal function]: App::shutdown()
#5 {main}
2014-02-12 04:19:33 Error: [MissingControllerException] Controller class UsersController could not be found.
Exception Attributes: array (
  'class' => 'UsersController',
  'plugin' => NULL,
)
Request URL: /nicaraguita/users/login
Stack Trace:
#0 C:\wamp\www\nicaraguita\webroot\index.php(110): Dispatcher->dispatch(Object(CakeRequest), Object(CakeResponse))
#1 {main}
2014-02-12 04:27:03 Error: [MissingControllerException] Controller class UsersController could not be found.
Exception Attributes: array (
  'class' => 'UsersController',
  'plugin' => NULL,
)
Request URL: /nicaraguita/users/login
Stack Trace:
#0 C:\wamp\www\nicaraguita\webroot\index.php(110): Dispatcher->dispatch(Object(CakeRequest), Object(CakeResponse))
#1 {main}
2014-02-12 04:28:02 Error: [MissingViewException] View file "C:\wamp\www\nicaraguita\View\Users\login.ctp" is missing.
Exception Attributes: array (
  'file' => 'C:\\wamp\\www\\nicaraguita\\View\\Users\\login.ctp',
)
Request URL: /nicaraguita/users/login
Stack Trace:
#0 C:\wamp\www\cakephp2.3.6\lib\Cake\View\View.php(468): View->_getViewFileName(NULL)
#1 C:\wamp\www\cakephp2.3.6\lib\Cake\Controller\Controller.php(948): View->render(NULL, NULL)
#2 C:\wamp\www\cakephp2.3.6\lib\Cake\Routing\Dispatcher.php(194): Controller->render()
#3 C:\wamp\www\cakephp2.3.6\lib\Cake\Routing\Dispatcher.php(162): Dispatcher->_invoke(Object(UsersController), Object(CakeRequest), Object(CakeResponse))
#4 C:\wamp\www\nicaraguita\webroot\index.php(110): Dispatcher->dispatch(Object(CakeRequest), Object(CakeResponse))
#5 {main}
2014-02-12 04:28:28 Error: [MissingViewException] View file "C:\wamp\www\nicaraguita\View\Users\login.ctp" is missing.
Exception Attributes: array (
  'file' => 'C:\\wamp\\www\\nicaraguita\\View\\Users\\login.ctp',
)
Request URL: /nicaraguita/users/login
Stack Trace:
#0 C:\wamp\www\cakephp2.3.6\lib\Cake\View\View.php(468): View->_getViewFileName(NULL)
#1 C:\wamp\www\cakephp2.3.6\lib\Cake\Controller\Controller.php(948): View->render(NULL, NULL)
#2 C:\wamp\www\cakephp2.3.6\lib\Cake\Routing\Dispatcher.php(194): Controller->render()
#3 C:\wamp\www\cakephp2.3.6\lib\Cake\Routing\Dispatcher.php(162): Dispatcher->_invoke(Object(UsersController), Object(CakeRequest), Object(CakeResponse))
#4 C:\wamp\www\nicaraguita\webroot\index.php(110): Dispatcher->dispatch(Object(CakeRequest), Object(CakeResponse))
#5 {main}
2014-02-12 04:28:45 Error: [MissingLayoutException] Layout file "C:\wamp\www\nicaraguita\View\Layouts\login.ctp" is missing.
Exception Attributes: array (
  'file' => 'C:\\wamp\\www\\nicaraguita\\View\\Layouts\\login.ctp',
)
Request URL: /nicaraguita/users/login
Stack Trace:
#0 C:\wamp\www\cakephp2.3.6\lib\Cake\View\View.php(509): View->_getLayoutFileName('login')
#1 C:\wamp\www\cakephp2.3.6\lib\Cake\View\View.php(479): View->renderLayout('', 'login')
#2 C:\wamp\www\cakephp2.3.6\lib\Cake\Controller\Controller.php(948): View->render(NULL, NULL)
#3 C:\wamp\www\cakephp2.3.6\lib\Cake\Routing\Dispatcher.php(194): Controller->render()
#4 C:\wamp\www\cakephp2.3.6\lib\Cake\Routing\Dispatcher.php(162): Dispatcher->_invoke(Object(UsersController), Object(CakeRequest), Object(CakeResponse))
#5 C:\wamp\www\nicaraguita\webroot\index.php(110): Dispatcher->dispatch(Object(CakeRequest), Object(CakeResponse))
#6 {main}
2014-02-12 04:29:05 Error: [MissingControllerException] Controller class ImgController could not be found.
Exception Attributes: array (
  'class' => 'ImgController',
  'plugin' => NULL,
)
Request URL: /nicaraguita/img/g_piggy2.png
Stack Trace:
#0 C:\wamp\www\nicaraguita\webroot\index.php(110): Dispatcher->dispatch(Object(CakeRequest), Object(CakeResponse))
#1 {main}
2014-02-12 04:29:05 Error: [MissingControllerException] Controller class JsController could not be found.
Exception Attributes: array (
  'class' => 'JsController',
  'plugin' => NULL,
)
Request URL: /nicaraguita/js/bootstrap.js
Stack Trace:
#0 C:\wamp\www\nicaraguita\webroot\index.php(110): Dispatcher->dispatch(Object(CakeRequest), Object(CakeResponse))
#1 {main}
2014-02-12 04:29:09 Error: [MissingControllerException] Controller class ImgController could not be found.
Exception Attributes: array (
  'class' => 'ImgController',
  'plugin' => NULL,
)
Request URL: /nicaraguita/img/g_piggy2.png
Stack Trace:
#0 C:\wamp\www\nicaraguita\webroot\index.php(110): Dispatcher->dispatch(Object(CakeRequest), Object(CakeResponse))
#1 {main}
2014-02-12 04:29:19 Error: [MissingControllerException] Controller class ImgController could not be found.
Exception Attributes: array (
  'class' => 'ImgController',
  'plugin' => NULL,
)
Request URL: /nicaraguita/img/g_piggy2.png
Stack Trace:
#0 C:\wamp\www\nicaraguita\webroot\index.php(110): Dispatcher->dispatch(Object(CakeRequest), Object(CakeResponse))
#1 {main}
2014-02-12 04:29:20 Error: [MissingControllerException] Controller class CssController could not be found.
Exception Attributes: array (
  'class' => 'CssController',
  'plugin' => NULL,
)
Request URL: /nicaraguita/css/toggle-switch.css
Stack Trace:
#0 C:\wamp\www\nicaraguita\webroot\index.php(110): Dispatcher->dispatch(Object(CakeRequest), Object(CakeResponse))
#1 {main}
2014-02-12 04:29:20 Error: [MissingControllerException] Controller class ImgController could not be found.
Exception Attributes: array (
  'class' => 'ImgController',
  'plugin' => NULL,
)
Request URL: /nicaraguita/img/g_piggy2.png
Stack Trace:
#0 C:\wamp\www\nicaraguita\webroot\index.php(110): Dispatcher->dispatch(Object(CakeRequest), Object(CakeResponse))
#1 {main}
2014-02-12 04:29:44 Error: [MissingControllerException] Controller class JsController could not be found.
Exception Attributes: array (
  'class' => 'JsController',
  'plugin' => NULL,
)
Request URL: /nicaraguita/js/bootstrap.js
Stack Trace:
#0 C:\wamp\www\nicaraguita\webroot\index.php(110): Dispatcher->dispatch(Object(CakeRequest), Object(CakeResponse))
#1 {main}
2014-02-12 04:29:51 Error: [MissingControllerException] Controller class JsController could not be found.
Exception Attributes: array (
  'class' => 'JsController',
  'plugin' => NULL,
)
Request URL: /nicaraguita/js/bootstrap.js
Stack Trace:
#0 C:\wamp\www\nicaraguita\webroot\index.php(110): Dispatcher->dispatch(Object(CakeRequest), Object(CakeResponse))
#1 {main}
2014-02-12 04:35:24 Error: [MissingComponentException] Component class FuncionesComponent could not be found.
Exception Attributes: array (
  'class' => 'FuncionesComponent',
  'plugin' => false,
)
Request URL: /nicaraguita/
Stack Trace:
#0 C:\wamp\www\cakephp2.3.6\lib\Cake\Controller\ComponentCollection.php(53): ComponentCollection->load('Funciones', Array)
#1 C:\wamp\www\cakephp2.3.6\lib\Cake\Controller\Controller.php(639): ComponentCollection->init(Object(HomeController))
#2 C:\wamp\www\cakephp2.3.6\lib\Cake\Routing\Dispatcher.php(183): Controller->constructClasses()
#3 C:\wamp\www\cakephp2.3.6\lib\Cake\Routing\Dispatcher.php(162): Dispatcher->_invoke(Object(HomeController), Object(CakeRequest), Object(CakeResponse))
#4 C:\wamp\www\nicaraguita\webroot\index.php(110): Dispatcher->dispatch(Object(CakeRequest), Object(CakeResponse))
#5 {main}
2014-02-12 04:35:38 Error: [MissingComponentException] Component class ImageComponent could not be found.
Exception Attributes: array (
  'class' => 'ImageComponent',
  'plugin' => false,
)
Request URL: /nicaraguita/
Stack Trace:
#0 C:\wamp\www\cakephp2.3.6\lib\Cake\Controller\ComponentCollection.php(53): ComponentCollection->load('Image', Array)
#1 C:\wamp\www\cakephp2.3.6\lib\Cake\Controller\Controller.php(639): ComponentCollection->init(Object(HomeController))
#2 C:\wamp\www\cakephp2.3.6\lib\Cake\Routing\Dispatcher.php(183): Controller->constructClasses()
#3 C:\wamp\www\cakephp2.3.6\lib\Cake\Routing\Dispatcher.php(162): Dispatcher->_invoke(Object(HomeController), Object(CakeRequest), Object(CakeResponse))
#4 C:\wamp\www\nicaraguita\webroot\index.php(110): Dispatcher->dispatch(Object(CakeRequest), Object(CakeResponse))
#5 {main}
2014-02-12 04:35:51 Error: [MissingViewException] View file "C:\wamp\www\nicaraguita\View\Home\index.ctp" is missing.
Exception Attributes: array (
  'file' => 'C:\\wamp\\www\\nicaraguita\\View\\Home\\index.ctp',
)
Request URL: /nicaraguita/
Stack Trace:
#0 C:\wamp\www\cakephp2.3.6\lib\Cake\View\View.php(468): View->_getViewFileName(NULL)
#1 C:\wamp\www\cakephp2.3.6\lib\Cake\Controller\Controller.php(948): View->render(NULL, NULL)
#2 C:\wamp\www\cakephp2.3.6\lib\Cake\Routing\Dispatcher.php(194): Controller->render()
#3 C:\wamp\www\cakephp2.3.6\lib\Cake\Routing\Dispatcher.php(162): Dispatcher->_invoke(Object(HomeController), Object(CakeRequest), Object(CakeResponse))
#4 C:\wamp\www\nicaraguita\webroot\index.php(110): Dispatcher->dispatch(Object(CakeRequest), Object(CakeResponse))
#5 {main}
2014-02-12 04:37:04 Error: [MissingControllerException] Controller class JsController could not be found.
Exception Attributes: array (
  'class' => 'JsController',
  'plugin' => NULL,
)
Request URL: /nicaraguita/js/jquery.easing.1.3.js
Stack Trace:
#0 C:\wamp\www\nicaraguita\webroot\index.php(110): Dispatcher->dispatch(Object(CakeRequest), Object(CakeResponse))
#1 {main}
2014-02-12 04:37:04 Error: [MissingControllerException] Controller class JsController could not be found.
Exception Attributes: array (
  'class' => 'JsController',
  'plugin' => NULL,
)
Request URL: /nicaraguita/js/jquery.skitter.min.js
Stack Trace:
#0 C:\wamp\www\nicaraguita\webroot\index.php(110): Dispatcher->dispatch(Object(CakeRequest), Object(CakeResponse))
#1 {main}
2014-02-12 04:37:04 Error: [MissingControllerException] Controller class CssController could not be found.
Exception Attributes: array (
  'class' => 'CssController',
  'plugin' => NULL,
)
Request URL: /nicaraguita/css/skitter.styles.css
Stack Trace:
#0 C:\wamp\www\nicaraguita\webroot\index.php(110): Dispatcher->dispatch(Object(CakeRequest), Object(CakeResponse))
#1 {main}
2014-02-12 04:37:04 Error: [MissingControllerException] Controller class ImgController could not be found.
Exception Attributes: array (
  'class' => 'ImgController',
  'plugin' => NULL,
)
Request URL: /nicaraguita/img/logo.png
Stack Trace:
#0 C:\wamp\www\nicaraguita\webroot\index.php(110): Dispatcher->dispatch(Object(CakeRequest), Object(CakeResponse))
#1 {main}
2014-02-12 04:37:10 Error: [MissingControllerException] Controller class ImgController could not be found.
Exception Attributes: array (
  'class' => 'ImgController',
  'plugin' => NULL,
)
Request URL: /nicaraguita/img/logo.png
Stack Trace:
#0 C:\wamp\www\nicaraguita\webroot\index.php(110): Dispatcher->dispatch(Object(CakeRequest), Object(CakeResponse))
#1 {main}
2014-02-12 04:37:10 Error: [MissingControllerException] Controller class ImgController could not be found.
Exception Attributes: array (
  'class' => 'ImgController',
  'plugin' => NULL,
)
Request URL: /nicaraguita/img/head_background.jpg
Stack Trace:
#0 C:\wamp\www\nicaraguita\webroot\index.php(110): Dispatcher->dispatch(Object(CakeRequest), Object(CakeResponse))
#1 {main}
2014-02-12 04:37:10 Error: [MissingControllerException] Controller class ImgController could not be found.
Exception Attributes: array (
  'class' => 'ImgController',
  'plugin' => NULL,
)
Request URL: /nicaraguita/img/background.png
Stack Trace:
#0 C:\wamp\www\nicaraguita\webroot\index.php(110): Dispatcher->dispatch(Object(CakeRequest), Object(CakeResponse))
#1 {main}
2014-02-12 04:37:13 Error: [MissingControllerException] Controller class CssController could not be found.
Exception Attributes: array (
  'class' => 'CssController',
  'plugin' => NULL,
)
Request URL: /nicaraguita/css/skitter.styles.css
Stack Trace:
#0 C:\wamp\www\nicaraguita\webroot\index.php(110): Dispatcher->dispatch(Object(CakeRequest), Object(CakeResponse))
#1 {main}
2014-02-12 04:37:13 Error: [MissingControllerException] Controller class JsController could not be found.
Exception Attributes: array (
  'class' => 'JsController',
  'plugin' => NULL,
)
Request URL: /nicaraguita/js/jquery.easing.1.3.js
Stack Trace:
#0 C:\wamp\www\nicaraguita\webroot\index.php(110): Dispatcher->dispatch(Object(CakeRequest), Object(CakeResponse))
#1 {main}
2014-02-12 04:37:13 Error: [MissingControllerException] Controller class JsController could not be found.
Exception Attributes: array (
  'class' => 'JsController',
  'plugin' => NULL,
)
Request URL: /nicaraguita/js/jquery.skitter.min.js
Stack Trace:
#0 C:\wamp\www\nicaraguita\webroot\index.php(110): Dispatcher->dispatch(Object(CakeRequest), Object(CakeResponse))
#1 {main}
2014-02-12 04:37:13 Error: [MissingControllerException] Controller class ImgController could not be found.
Exception Attributes: array (
  'class' => 'ImgController',
  'plugin' => NULL,
)
Request URL: /nicaraguita/img/logo.png
Stack Trace:
#0 C:\wamp\www\nicaraguita\webroot\index.php(110): Dispatcher->dispatch(Object(CakeRequest), Object(CakeResponse))
#1 {main}
2014-02-12 04:37:14 Error: [MissingControllerException] Controller class ImgController could not be found.
Exception Attributes: array (
  'class' => 'ImgController',
  'plugin' => NULL,
)
Request URL: /nicaraguita/img/logo.png
Stack Trace:
#0 C:\wamp\www\nicaraguita\webroot\index.php(110): Dispatcher->dispatch(Object(CakeRequest), Object(CakeResponse))
#1 {main}
2014-02-12 04:37:44 Error: [MissingControllerException] Controller class JsController could not be found.
Exception Attributes: array (
  'class' => 'JsController',
  'plugin' => NULL,
)
Request URL: /nicaraguita/js/jquery.easing.1.3.js
Stack Trace:
#0 C:\wamp\www\nicaraguita\webroot\index.php(110): Dispatcher->dispatch(Object(CakeRequest), Object(CakeResponse))
#1 {main}
2014-02-12 04:37:44 Error: [MissingControllerException] Controller class JsController could not be found.
Exception Attributes: array (
  'class' => 'JsController',
  'plugin' => NULL,
)
Request URL: /nicaraguita/js/jquery.skitter.min.js
Stack Trace:
#0 C:\wamp\www\nicaraguita\webroot\index.php(110): Dispatcher->dispatch(Object(CakeRequest), Object(CakeResponse))
#1 {main}
2014-02-12 04:37:44 Error: [MissingControllerException] Controller class CssController could not be found.
Exception Attributes: array (
  'class' => 'CssController',
  'plugin' => NULL,
)
Request URL: /nicaraguita/css/skitter.styles.css
Stack Trace:
#0 C:\wamp\www\nicaraguita\webroot\index.php(110): Dispatcher->dispatch(Object(CakeRequest), Object(CakeResponse))
#1 {main}
2014-02-12 04:37:44 Error: [MissingControllerException] Controller class ImgController could not be found.
Exception Attributes: array (
  'class' => 'ImgController',
  'plugin' => NULL,
)
Request URL: /nicaraguita/img/logo.png
Stack Trace:
#0 C:\wamp\www\nicaraguita\webroot\index.php(110): Dispatcher->dispatch(Object(CakeRequest), Object(CakeResponse))
#1 {main}
2014-02-12 04:37:45 Error: [MissingControllerException] Controller class ImgController could not be found.
Exception Attributes: array (
  'class' => 'ImgController',
  'plugin' => NULL,
)
Request URL: /nicaraguita/img/logo.png
Stack Trace:
#0 C:\wamp\www\nicaraguita\webroot\index.php(110): Dispatcher->dispatch(Object(CakeRequest), Object(CakeResponse))
#1 {main}
2014-02-12 04:38:11 Error: [MissingControllerException] Controller class JsController could not be found.
Exception Attributes: array (
  'class' => 'JsController',
  'plugin' => NULL,
)
Request URL: /nicaraguita/js/jquery.easing.1.3.js
Stack Trace:
#0 C:\wamp\www\nicaraguita\webroot\index.php(110): Dispatcher->dispatch(Object(CakeRequest), Object(CakeResponse))
#1 {main}
2014-02-12 04:38:11 Error: [MissingControllerException] Controller class JsController could not be found.
Exception Attributes: array (
  'class' => 'JsController',
  'plugin' => NULL,
)
Request URL: /nicaraguita/js/jquery.skitter.min.js
Stack Trace:
#0 C:\wamp\www\nicaraguita\webroot\index.php(110): Dispatcher->dispatch(Object(CakeRequest), Object(CakeResponse))
#1 {main}
2014-02-12 04:38:11 Error: [MissingControllerException] Controller class CssController could not be found.
Exception Attributes: array (
  'class' => 'CssController',
  'plugin' => NULL,
)
Request URL: /nicaraguita/css/skitter.styles.css
Stack Trace:
#0 C:\wamp\www\nicaraguita\webroot\index.php(110): Dispatcher->dispatch(Object(CakeRequest), Object(CakeResponse))
#1 {main}
2014-02-12 04:38:11 Error: [MissingControllerException] Controller class ImgController could not be found.
Exception Attributes: array (
  'class' => 'ImgController',
  'plugin' => NULL,
)
Request URL: /nicaraguita/img/logo.png
Stack Trace:
#0 C:\wamp\www\nicaraguita\webroot\index.php(110): Dispatcher->dispatch(Object(CakeRequest), Object(CakeResponse))
#1 {main}
2014-02-12 04:38:11 Error: [MissingControllerException] Controller class FilesController could not be found.
Exception Attributes: array (
  'class' => 'FilesController',
  'plugin' => NULL,
)
Request URL: /nicaraguita/files/packages/1.png
Stack Trace:
#0 C:\wamp\www\nicaraguita\webroot\index.php(110): Dispatcher->dispatch(Object(CakeRequest), Object(CakeResponse))
#1 {main}
2014-02-12 04:38:11 Error: [MissingControllerException] Controller class ImgController could not be found.
Exception Attributes: array (
  'class' => 'ImgController',
  'plugin' => NULL,
)
Request URL: /nicaraguita/img/hotel.png
Stack Trace:
#0 C:\wamp\www\nicaraguita\webroot\index.php(110): Dispatcher->dispatch(Object(CakeRequest), Object(CakeResponse))
#1 {main}
2014-02-12 04:38:11 Error: [MissingControllerException] Controller class ImgController could not be found.
Exception Attributes: array (
  'class' => 'ImgController',
  'plugin' => NULL,
)
Request URL: /nicaraguita/img/mokul.png
Stack Trace:
#0 C:\wamp\www\nicaraguita\webroot\index.php(110): Dispatcher->dispatch(Object(CakeRequest), Object(CakeResponse))
#1 {main}
2014-02-12 04:38:11 Error: [MissingControllerException] Controller class ImgController could not be found.
Exception Attributes: array (
  'class' => 'ImgController',
  'plugin' => NULL,
)
Request URL: /nicaraguita/img/boletos.png
Stack Trace:
#0 C:\wamp\www\nicaraguita\webroot\index.php(110): Dispatcher->dispatch(Object(CakeRequest), Object(CakeResponse))
#1 {main}
2014-02-12 04:38:11 Error: [MissingControllerException] Controller class ImgController could not be found.
Exception Attributes: array (
  'class' => 'ImgController',
  'plugin' => NULL,
)
Request URL: /nicaraguita/img/mapa.png
Stack Trace:
#0 C:\wamp\www\nicaraguita\webroot\index.php(110): Dispatcher->dispatch(Object(CakeRequest), Object(CakeResponse))
#1 {main}
2014-02-12 04:38:12 Error: [MissingControllerException] Controller class ImgController could not be found.
Exception Attributes: array (
  'class' => 'ImgController',
  'plugin' => NULL,
)
Request URL: /nicaraguita/img/servicios.png
Stack Trace:
#0 C:\wamp\www\nicaraguita\webroot\index.php(110): Dispatcher->dispatch(Object(CakeRequest), Object(CakeResponse))
#1 {main}
2014-02-12 04:38:12 Error: [MissingControllerException] Controller class ImgController could not be found.
Exception Attributes: array (
  'class' => 'ImgController',
  'plugin' => NULL,
)
Request URL: /nicaraguita/img/mapa.png
Stack Trace:
#0 C:\wamp\www\nicaraguita\webroot\index.php(110): Dispatcher->dispatch(Object(CakeRequest), Object(CakeResponse))
#1 {main}
2014-02-12 04:38:12 Error: [MissingControllerException] Controller class ImgController could not be found.
Exception Attributes: array (
  'class' => 'ImgController',
  'plugin' => NULL,
)
Request URL: /nicaraguita/img/logo.png
Stack Trace:
#0 C:\wamp\www\nicaraguita\webroot\index.php(110): Dispatcher->dispatch(Object(CakeRequest), Object(CakeResponse))
#1 {main}
2014-02-12 04:38:12 Error: [MissingControllerException] Controller class ImgController could not be found.
Exception Attributes: array (
  'class' => 'ImgController',
  'plugin' => NULL,
)
Request URL: /nicaraguita/img/hotel.png
Stack Trace:
#0 C:\wamp\www\nicaraguita\webroot\index.php(110): Dispatcher->dispatch(Object(CakeRequest), Object(CakeResponse))
#1 {main}
2014-02-12 04:38:12 Error: [MissingControllerException] Controller class ImgController could not be found.
Exception Attributes: array (
  'class' => 'ImgController',
  'plugin' => NULL,
)
Request URL: /nicaraguita/img/mokul.png
Stack Trace:
#0 C:\wamp\www\nicaraguita\webroot\index.php(110): Dispatcher->dispatch(Object(CakeRequest), Object(CakeResponse))
#1 {main}
2014-02-12 04:38:12 Error: [MissingControllerException] Controller class FilesController could not be found.
Exception Attributes: array (
  'class' => 'FilesController',
  'plugin' => NULL,
)
Request URL: /nicaraguita/files/packages/1.png
Stack Trace:
#0 C:\wamp\www\nicaraguita\webroot\index.php(110): Dispatcher->dispatch(Object(CakeRequest), Object(CakeResponse))
#1 {main}
2014-02-12 04:38:12 Error: [MissingControllerException] Controller class ImgController could not be found.
Exception Attributes: array (
  'class' => 'ImgController',
  'plugin' => NULL,
)
Request URL: /nicaraguita/img/boletos.png
Stack Trace:
#0 C:\wamp\www\nicaraguita\webroot\index.php(110): Dispatcher->dispatch(Object(CakeRequest), Object(CakeResponse))
#1 {main}
2014-02-12 04:38:12 Error: [MissingControllerException] Controller class ImgController could not be found.
Exception Attributes: array (
  'class' => 'ImgController',
  'plugin' => NULL,
)
Request URL: /nicaraguita/img/servicios.png
Stack Trace:
#0 C:\wamp\www\nicaraguita\webroot\index.php(110): Dispatcher->dispatch(Object(CakeRequest), Object(CakeResponse))
#1 {main}
2014-02-12 04:38:12 Error: [MissingControllerException] Controller class ImgController could not be found.
Exception Attributes: array (
  'class' => 'ImgController',
  'plugin' => NULL,
)
Request URL: /nicaraguita/img/next.png
Stack Trace:
#0 C:\wamp\www\nicaraguita\webroot\index.php(110): Dispatcher->dispatch(Object(CakeRequest), Object(CakeResponse))
#1 {main}
2014-02-12 04:39:04 Error: [MissingControllerException] Controller class CssController could not be found.
Exception Attributes: array (
  'class' => 'CssController',
  'plugin' => NULL,
)
Request URL: /nicaraguita/css/skitter.styles.css
Stack Trace:
#0 C:\wamp\www\nicaraguita\webroot\index.php(110): Dispatcher->dispatch(Object(CakeRequest), Object(CakeResponse))
#1 {main}
2014-02-12 04:39:04 Error: [MissingControllerException] Controller class JsController could not be found.
Exception Attributes: array (
  'class' => 'JsController',
  'plugin' => NULL,
)
Request URL: /nicaraguita/js/jquery.skitter.min.js
Stack Trace:
#0 C:\wamp\www\nicaraguita\webroot\index.php(110): Dispatcher->dispatch(Object(CakeRequest), Object(CakeResponse))
#1 {main}
2014-02-12 04:39:04 Error: [MissingControllerException] Controller class JsController could not be found.
Exception Attributes: array (
  'class' => 'JsController',
  'plugin' => NULL,
)
Request URL: /nicaraguita/js/jquery.easing.1.3.js
Stack Trace:
#0 C:\wamp\www\nicaraguita\webroot\index.php(110): Dispatcher->dispatch(Object(CakeRequest), Object(CakeResponse))
#1 {main}
2014-02-12 04:39:04 Error: [MissingControllerException] Controller class FilesController could not be found.
Exception Attributes: array (
  'class' => 'FilesController',
  'plugin' => NULL,
)
Request URL: /nicaraguita/files/packages/1.png
Stack Trace:
#0 C:\wamp\www\nicaraguita\webroot\index.php(110): Dispatcher->dispatch(Object(CakeRequest), Object(CakeResponse))
#1 {main}
2014-02-12 04:39:12 Error: [MissingControllerException] Controller class FilesController could not be found.
Exception Attributes: array (
  'class' => 'FilesController',
  'plugin' => NULL,
)
Request URL: /nicaraguita/files/packages/1.png
Stack Trace:
#0 C:\wamp\www\nicaraguita\webroot\index.php(110): Dispatcher->dispatch(Object(CakeRequest), Object(CakeResponse))
#1 {main}
2014-02-12 04:39:28 Error: [MissingControllerException] Controller class JsController could not be found.
Exception Attributes: array (
  'class' => 'JsController',
  'plugin' => NULL,
)
Request URL: /nicaraguita/js/jquery.skitter.min.js
Stack Trace:
#0 C:\wamp\www\nicaraguita\webroot\index.php(110): Dispatcher->dispatch(Object(CakeRequest), Object(CakeResponse))
#1 {main}
2014-02-12 04:39:28 Error: [MissingControllerException] Controller class JsController could not be found.
Exception Attributes: array (
  'class' => 'JsController',
  'plugin' => NULL,
)
Request URL: /nicaraguita/js/jquery.easing.1.3.js
Stack Trace:
#0 C:\wamp\www\nicaraguita\webroot\index.php(110): Dispatcher->dispatch(Object(CakeRequest), Object(CakeResponse))
#1 {main}
2014-02-12 04:39:28 Error: [MissingControllerException] Controller class FilesController could not be found.
Exception Attributes: array (
  'class' => 'FilesController',
  'plugin' => NULL,
)
Request URL: /nicaraguita/files/packages/1.png
Stack Trace:
#0 C:\wamp\www\nicaraguita\webroot\index.php(110): Dispatcher->dispatch(Object(CakeRequest), Object(CakeResponse))
#1 {main}
2014-02-12 04:39:32 Error: [MissingControllerException] Controller class FilesController could not be found.
Exception Attributes: array (
  'class' => 'FilesController',
  'plugin' => NULL,
)
Request URL: /nicaraguita/files/packages/1.png
Stack Trace:
#0 C:\wamp\www\nicaraguita\webroot\index.php(110): Dispatcher->dispatch(Object(CakeRequest), Object(CakeResponse))
#1 {main}
2014-02-12 04:39:45 Error: [MissingControllerException] Controller class FilesController could not be found.
Exception Attributes: array (
  'class' => 'FilesController',
  'plugin' => NULL,
)
Request URL: /nicaraguita/files/packages/1.png
Stack Trace:
#0 C:\wamp\www\nicaraguita\webroot\index.php(110): Dispatcher->dispatch(Object(CakeRequest), Object(CakeResponse))
#1 {main}
2014-02-12 04:39:49 Error: [MissingControllerException] Controller class FilesController could not be found.
Exception Attributes: array (
  'class' => 'FilesController',
  'plugin' => NULL,
)
Request URL: /nicaraguita/files/packages/1.png
Stack Trace:
#0 C:\wamp\www\nicaraguita\webroot\index.php(110): Dispatcher->dispatch(Object(CakeRequest), Object(CakeResponse))
#1 {main}
2014-02-12 04:40:20 Error: Fatal Error (1): Call to a member function find() on a non-object in [C:\wamp\www\nicaraguita\Controller\HomeController.php, line 12]
2014-02-12 04:40:20 Error: [FatalErrorException] Call to a member function find() on a non-object
Request URL: /nicaraguita/
Stack Trace:
#0 C:\wamp\www\cakephp2.3.6\lib\Cake\Error\ErrorHandler.php(184): ErrorHandler::handleFatalError(1, 'Call to a membe...', 'C:\wamp\www\nic...', 12)
#1 [internal function]: ErrorHandler::handleError(1, 'Call to a membe...', 'C:\wamp\www\nic...', 12, Array)
#2 C:\wamp\www\cakephp2.3.6\lib\Cake\Core\App.php(927): call_user_func('ErrorHandler::h...', 1, 'Call to a membe...', 'C:\wamp\www\nic...', 12, Array)
#3 C:\wamp\www\cakephp2.3.6\lib\Cake\Core\App.php(900): App::_checkFatalError()
#4 [internal function]: App::shutdown()
#5 {main}
2014-02-12 04:40:38 Error: Fatal Error (1): Call to a member function find() on a non-object in [C:\wamp\www\nicaraguita\Controller\HomeController.php, line 12]
2014-02-12 04:40:38 Error: [FatalErrorException] Call to a member function find() on a non-object
Request URL: /nicaraguita/
Stack Trace:
#0 C:\wamp\www\cakephp2.3.6\lib\Cake\Error\ErrorHandler.php(184): ErrorHandler::handleFatalError(1, 'Call to a membe...', 'C:\wamp\www\nic...', 12)
#1 [internal function]: ErrorHandler::handleError(1, 'Call to a membe...', 'C:\wamp\www\nic...', 12, Array)
#2 C:\wamp\www\cakephp2.3.6\lib\Cake\Core\App.php(927): call_user_func('ErrorHandler::h...', 1, 'Call to a membe...', 'C:\wamp\www\nic...', 12, Array)
#3 C:\wamp\www\cakephp2.3.6\lib\Cake\Core\App.php(900): App::_checkFatalError()
#4 [internal function]: App::shutdown()
#5 {main}
2014-02-12 04:40:59 Error: [MissingPluginException] Plugin MeioUpload could not be found.
Exception Attributes: array (
  'plugin' => 'MeioUpload',
)
Request URL: /nicaraguita/
Stack Trace:
#0 C:\wamp\www\cakephp2.3.6\lib\Cake\Core\App.php(367): CakePlugin::path('MeioUpload')
#1 C:\wamp\www\cakephp2.3.6\lib\Cake\Core\App.php(228): App::pluginPath('MeioUpload')
#2 C:\wamp\www\cakephp2.3.6\lib\Cake\Core\App.php(545): App::path('Model/Behavior', 'MeioUpload')
#3 [internal function]: App::load('MeioUploadBehav...')
#4 [internal function]: spl_autoload_call('MeioUploadBehav...')
#5 C:\wamp\www\cakephp2.3.6\lib\Cake\Model\BehaviorCollection.php(122): class_exists('MeioUploadBehav...')
#6 C:\wamp\www\cakephp2.3.6\lib\Cake\Model\BehaviorCollection.php(68): BehaviorCollection->load('MeioUpload.Meio...', Array)
#7 C:\wamp\www\cakephp2.3.6\lib\Cake\Model\Model.php(749): BehaviorCollection->init('Package', Array)
#8 [internal function]: Model->__construct(Array)
#9 C:\wamp\www\cakephp2.3.6\lib\Cake\Utility\ClassRegistry.php(168): ReflectionClass->newInstance(Array)
#10 C:\wamp\www\cakephp2.3.6\lib\Cake\Controller\Controller.php(734): ClassRegistry::init(Array)
#11 C:\wamp\www\cakephp2.3.6\lib\Cake\Controller\Controller.php(367): Controller->loadModel('Package')
#12 C:\wamp\www\cakephp2.3.6\lib\Cake\Controller\Controller.php(405): Controller->__isset('Package')
#13 C:\wamp\www\nicaraguita\Controller\HomeController.php(14): Controller->__get('Package')
#14 [internal function]: HomeController->index()
#15 C:\wamp\www\cakephp2.3.6\lib\Cake\Controller\Controller.php(486): ReflectionMethod->invokeArgs(Object(HomeController), Array)
#16 C:\wamp\www\cakephp2.3.6\lib\Cake\Routing\Dispatcher.php(187): Controller->invokeAction(Object(CakeRequest))
#17 C:\wamp\www\cakephp2.3.6\lib\Cake\Routing\Dispatcher.php(162): Dispatcher->_invoke(Object(HomeController), Object(CakeRequest), Object(CakeResponse))
#18 C:\wamp\www\nicaraguita\webroot\index.php(110): Dispatcher->dispatch(Object(CakeRequest), Object(CakeResponse))
#19 {main}
2014-02-12 04:41:27 Error: [MissingHelperException] Helper class ImageHelper could not be found.
Exception Attributes: array (
  'class' => 'ImageHelper',
  'plugin' => false,
)
Request URL: /nicaraguita/
Stack Trace:
#0 C:\wamp\www\cakephp2.3.6\lib\Cake\View\HelperCollection.php(63): HelperCollection->load('Image')
#1 C:\wamp\www\cakephp2.3.6\lib\Cake\View\View.php(835): HelperCollection->__isset('Image')
#2 C:\wamp\www\nicaraguita\View\Home\index.ctp(128): View->__get('Image')
#3 C:\wamp\www\cakephp2.3.6\lib\Cake\View\View.php(947): include('C:\wamp\www\nic...')
#4 C:\wamp\www\cakephp2.3.6\lib\Cake\View\View.php(909): View->_evaluate('C:\wamp\www\nic...', Array)
#5 C:\wamp\www\cakephp2.3.6\lib\Cake\View\View.php(471): View->_render('C:\wamp\www\nic...')
#6 C:\wamp\www\cakephp2.3.6\lib\Cake\Controller\Controller.php(948): View->render(NULL, NULL)
#7 C:\wamp\www\cakephp2.3.6\lib\Cake\Routing\Dispatcher.php(194): Controller->render()
#8 C:\wamp\www\cakephp2.3.6\lib\Cake\Routing\Dispatcher.php(162): Dispatcher->_invoke(Object(HomeController), Object(CakeRequest), Object(CakeResponse))
#9 C:\wamp\www\nicaraguita\webroot\index.php(110): Dispatcher->dispatch(Object(CakeRequest), Object(CakeResponse))
#10 {main}
2014-02-12 04:41:27 Error: [MissingControllerException] Controller class FilesController could not be found.
Exception Attributes: array (
  'class' => 'FilesController',
  'plugin' => NULL,
)
Request URL: /nicaraguita/files/packages/1.png
Stack Trace:
#0 C:\wamp\www\nicaraguita\webroot\index.php(110): Dispatcher->dispatch(Object(CakeRequest), Object(CakeResponse))
#1 {main}
2014-02-12 04:41:47 Error: [MissingHelperException] Helper class ImageHelper could not be found.
Exception Attributes: array (
  'class' => 'ImageHelper',
  'plugin' => false,
)
Request URL: /nicaraguita/
Stack Trace:
#0 C:\wamp\www\cakephp2.3.6\lib\Cake\View\HelperCollection.php(63): HelperCollection->load('Image')
#1 C:\wamp\www\cakephp2.3.6\lib\Cake\View\View.php(835): HelperCollection->__isset('Image')
#2 C:\wamp\www\nicaraguita\View\Home\index.ctp(128): View->__get('Image')
#3 C:\wamp\www\cakephp2.3.6\lib\Cake\View\View.php(947): include('C:\wamp\www\nic...')
#4 C:\wamp\www\cakephp2.3.6\lib\Cake\View\View.php(909): View->_evaluate('C:\wamp\www\nic...', Array)
#5 C:\wamp\www\cakephp2.3.6\lib\Cake\View\View.php(471): View->_render('C:\wamp\www\nic...')
#6 C:\wamp\www\cakephp2.3.6\lib\Cake\Controller\Controller.php(948): View->render(NULL, NULL)
#7 C:\wamp\www\cakephp2.3.6\lib\Cake\Routing\Dispatcher.php(194): Controller->render()
#8 C:\wamp\www\cakephp2.3.6\lib\Cake\Routing\Dispatcher.php(162): Dispatcher->_invoke(Object(HomeController), Object(CakeRequest), Object(CakeResponse))
#9 C:\wamp\www\nicaraguita\webroot\index.php(110): Dispatcher->dispatch(Object(CakeRequest), Object(CakeResponse))
#10 {main}
2014-02-12 04:41:47 Error: [MissingControllerException] Controller class FilesController could not be found.
Exception Attributes: array (
  'class' => 'FilesController',
  'plugin' => NULL,
)
Request URL: /nicaraguita/files/packages/1.png
Stack Trace:
#0 C:\wamp\www\nicaraguita\webroot\index.php(110): Dispatcher->dispatch(Object(CakeRequest), Object(CakeResponse))
#1 {main}
2014-02-12 04:41:59 Error: [MissingControllerException] Controller class FilesController could not be found.
Exception Attributes: array (
  'class' => 'FilesController',
  'plugin' => NULL,
)
Request URL: /nicaraguita/files/packages/1.png
Stack Trace:
#0 C:\wamp\www\nicaraguita\webroot\index.php(110): Dispatcher->dispatch(Object(CakeRequest), Object(CakeResponse))
#1 {main}
2014-02-12 04:42:15 Error: [MissingHelperException] Helper class ImageHelper could not be found.
Exception Attributes: array (
  'class' => 'ImageHelper',
  'plugin' => false,
)
Request URL: /nicaraguita/
Stack Trace:
#0 C:\wamp\www\cakephp2.3.6\lib\Cake\View\HelperCollection.php(63): HelperCollection->load('Image')
#1 C:\wamp\www\cakephp2.3.6\lib\Cake\View\View.php(835): HelperCollection->__isset('Image')
#2 C:\wamp\www\nicaraguita\View\Home\index.ctp(128): View->__get('Image')
#3 C:\wamp\www\cakephp2.3.6\lib\Cake\View\View.php(947): include('C:\wamp\www\nic...')
#4 C:\wamp\www\cakephp2.3.6\lib\Cake\View\View.php(909): View->_evaluate('C:\wamp\www\nic...', Array)
#5 C:\wamp\www\cakephp2.3.6\lib\Cake\View\View.php(471): View->_render('C:\wamp\www\nic...')
#6 C:\wamp\www\cakephp2.3.6\lib\Cake\Controller\Controller.php(948): View->render(NULL, NULL)
#7 C:\wamp\www\cakephp2.3.6\lib\Cake\Routing\Dispatcher.php(194): Controller->render()
#8 C:\wamp\www\cakephp2.3.6\lib\Cake\Routing\Dispatcher.php(162): Dispatcher->_invoke(Object(HomeController), Object(CakeRequest), Object(CakeResponse))
#9 C:\wamp\www\nicaraguita\webroot\index.php(110): Dispatcher->dispatch(Object(CakeRequest), Object(CakeResponse))
#10 {main}
2014-02-12 04:42:24 Error: [MissingHelperException] Helper class ImageHelper could not be found.
Exception Attributes: array (
  'class' => 'ImageHelper',
  'plugin' => false,
)
Request URL: /nicaraguita/
Stack Trace:
#0 C:\wamp\www\cakephp2.3.6\lib\Cake\View\HelperCollection.php(63): HelperCollection->load('Image')
#1 C:\wamp\www\cakephp2.3.6\lib\Cake\View\View.php(835): HelperCollection->__isset('Image')
#2 C:\wamp\www\nicaraguita\View\Home\index.ctp(119): View->__get('Image')
#3 C:\wamp\www\cakephp2.3.6\lib\Cake\View\View.php(947): include('C:\wamp\www\nic...')
#4 C:\wamp\www\cakephp2.3.6\lib\Cake\View\View.php(909): View->_evaluate('C:\wamp\www\nic...', Array)
#5 C:\wamp\www\cakephp2.3.6\lib\Cake\View\View.php(471): View->_render('C:\wamp\www\nic...')
#6 C:\wamp\www\cakephp2.3.6\lib\Cake\Controller\Controller.php(948): View->render(NULL, NULL)
#7 C:\wamp\www\cakephp2.3.6\lib\Cake\Routing\Dispatcher.php(194): Controller->render()
#8 C:\wamp\www\cakephp2.3.6\lib\Cake\Routing\Dispatcher.php(162): Dispatcher->_invoke(Object(HomeController), Object(CakeRequest), Object(CakeResponse))
#9 C:\wamp\www\nicaraguita\webroot\index.php(110): Dispatcher->dispatch(Object(CakeRequest), Object(CakeResponse))
#10 {main}
2014-02-12 04:42:24 Error: [MissingControllerException] Controller class FilesController could not be found.
Exception Attributes: array (
  'class' => 'FilesController',
  'plugin' => NULL,
)
Request URL: /nicaraguita/files/packages/1.png
Stack Trace:
#0 C:\wamp\www\nicaraguita\webroot\index.php(110): Dispatcher->dispatch(Object(CakeRequest), Object(CakeResponse))
#1 {main}
2014-02-12 04:43:03 Error: [MissingHelperException] Helper class ImageHelper could not be found.
Exception Attributes: array (
  'class' => 'ImageHelper',
  'plugin' => false,
)
Request URL: /nicaraguita/
Stack Trace:
#0 C:\wamp\www\cakephp2.3.6\lib\Cake\View\HelperCollection.php(63): HelperCollection->load('Image')
#1 C:\wamp\www\cakephp2.3.6\lib\Cake\View\View.php(835): HelperCollection->__isset('Image')
#2 C:\wamp\www\nicaraguita\View\Home\index.ctp(128): View->__get('Image')
#3 C:\wamp\www\cakephp2.3.6\lib\Cake\View\View.php(947): include('C:\wamp\www\nic...')
#4 C:\wamp\www\cakephp2.3.6\lib\Cake\View\View.php(909): View->_evaluate('C:\wamp\www\nic...', Array)
#5 C:\wamp\www\cakephp2.3.6\lib\Cake\View\View.php(471): View->_render('C:\wamp\www\nic...')
#6 C:\wamp\www\cakephp2.3.6\lib\Cake\Controller\Controller.php(948): View->render(NULL, NULL)
#7 C:\wamp\www\cakephp2.3.6\lib\Cake\Routing\Dispatcher.php(194): Controller->render()
#8 C:\wamp\www\cakephp2.3.6\lib\Cake\Routing\Dispatcher.php(162): Dispatcher->_invoke(Object(HomeController), Object(CakeRequest), Object(CakeResponse))
#9 C:\wamp\www\nicaraguita\webroot\index.php(110): Dispatcher->dispatch(Object(CakeRequest), Object(CakeResponse))
#10 {main}
2014-02-12 04:43:04 Error: [MissingControllerException] Controller class FilesController could not be found.
Exception Attributes: array (
  'class' => 'FilesController',
  'plugin' => NULL,
)
Request URL: /nicaraguita/files/packages/1.png
Stack Trace:
#0 C:\wamp\www\nicaraguita\webroot\index.php(110): Dispatcher->dispatch(Object(CakeRequest), Object(CakeResponse))
#1 {main}
2014-02-12 04:43:32 Error: [MissingHelperException] Helper class ImageHelper could not be found.
Exception Attributes: array (
  'class' => 'ImageHelper',
  'plugin' => false,
)
Request URL: /nicaraguita/
Stack Trace:
#0 C:\wamp\www\cakephp2.3.6\lib\Cake\View\HelperCollection.php(63): HelperCollection->load('Image')
#1 C:\wamp\www\cakephp2.3.6\lib\Cake\View\View.php(835): HelperCollection->__isset('Image')
#2 C:\wamp\www\nicaraguita\View\Home\index.ctp(119): View->__get('Image')
#3 C:\wamp\www\cakephp2.3.6\lib\Cake\View\View.php(947): include('C:\wamp\www\nic...')
#4 C:\wamp\www\cakephp2.3.6\lib\Cake\View\View.php(909): View->_evaluate('C:\wamp\www\nic...', Array)
#5 C:\wamp\www\cakephp2.3.6\lib\Cake\View\View.php(471): View->_render('C:\wamp\www\nic...')
#6 C:\wamp\www\cakephp2.3.6\lib\Cake\Controller\Controller.php(948): View->render(NULL, NULL)
#7 C:\wamp\www\cakephp2.3.6\lib\Cake\Routing\Dispatcher.php(194): Controller->render()
#8 C:\wamp\www\cakephp2.3.6\lib\Cake\Routing\Dispatcher.php(162): Dispatcher->_invoke(Object(HomeController), Object(CakeRequest), Object(CakeResponse))
#9 C:\wamp\www\nicaraguita\webroot\index.php(110): Dispatcher->dispatch(Object(CakeRequest), Object(CakeResponse))
#10 {main}
2014-02-12 04:43:32 Error: [MissingControllerException] Controller class FilesController could not be found.
Exception Attributes: array (
  'class' => 'FilesController',
  'plugin' => NULL,
)
Request URL: /nicaraguita/files/packages/1.png
Stack Trace:
#0 C:\wamp\www\nicaraguita\webroot\index.php(110): Dispatcher->dispatch(Object(CakeRequest), Object(CakeResponse))
#1 {main}
2014-02-12 04:43:51 Error: [MissingHelperException] Helper class ImageHelper could not be found.
Exception Attributes: array (
  'class' => 'ImageHelper',
  'plugin' => false,
)
Request URL: /nicaraguita/
Stack Trace:
#0 C:\wamp\www\cakephp2.3.6\lib\Cake\View\HelperCollection.php(63): HelperCollection->load('Image')
#1 C:\wamp\www\cakephp2.3.6\lib\Cake\View\View.php(835): HelperCollection->__isset('Image')
#2 C:\wamp\www\nicaraguita\View\Home\index.ctp(85): View->__get('Image')
#3 C:\wamp\www\cakephp2.3.6\lib\Cake\View\View.php(947): include('C:\wamp\www\nic...')
#4 C:\wamp\www\cakephp2.3.6\lib\Cake\View\View.php(909): View->_evaluate('C:\wamp\www\nic...', Array)
#5 C:\wamp\www\cakephp2.3.6\lib\Cake\View\View.php(471): View->_render('C:\wamp\www\nic...')
#6 C:\wamp\www\cakephp2.3.6\lib\Cake\Controller\Controller.php(948): View->render(NULL, NULL)
#7 C:\wamp\www\cakephp2.3.6\lib\Cake\Routing\Dispatcher.php(194): Controller->render()
#8 C:\wamp\www\cakephp2.3.6\lib\Cake\Routing\Dispatcher.php(162): Dispatcher->_invoke(Object(HomeController), Object(CakeRequest), Object(CakeResponse))
#9 C:\wamp\www\nicaraguita\webroot\index.php(110): Dispatcher->dispatch(Object(CakeRequest), Object(CakeResponse))
#10 {main}
2014-02-12 04:44:37 Error: [MissingHelperException] Helper class ImageHelper could not be found.
Exception Attributes: array (
  'class' => 'ImageHelper',
  'plugin' => false,
)
Request URL: /nicaraguita/
Stack Trace:
#0 C:\wamp\www\cakephp2.3.6\lib\Cake\View\HelperCollection.php(63): HelperCollection->load('Image')
#1 C:\wamp\www\cakephp2.3.6\lib\Cake\View\View.php(835): HelperCollection->__isset('Image')
#2 C:\wamp\www\nicaraguita\View\Home\index.ctp(128): View->__get('Image')
#3 C:\wamp\www\cakephp2.3.6\lib\Cake\View\View.php(947): include('C:\wamp\www\nic...')
#4 C:\wamp\www\cakephp2.3.6\lib\Cake\View\View.php(909): View->_evaluate('C:\wamp\www\nic...', Array)
#5 C:\wamp\www\cakephp2.3.6\lib\Cake\View\View.php(471): View->_render('C:\wamp\www\nic...')
#6 C:\wamp\www\cakephp2.3.6\lib\Cake\Controller\Controller.php(948): View->render(NULL, NULL)
#7 C:\wamp\www\cakephp2.3.6\lib\Cake\Routing\Dispatcher.php(194): Controller->render()
#8 C:\wamp\www\cakephp2.3.6\lib\Cake\Routing\Dispatcher.php(162): Dispatcher->_invoke(Object(HomeController), Object(CakeRequest), Object(CakeResponse))
#9 C:\wamp\www\nicaraguita\webroot\index.php(110): Dispatcher->dispatch(Object(CakeRequest), Object(CakeResponse))
#10 {main}
2014-02-12 04:44:37 Error: [MissingControllerException] Controller class FilesController could not be found.
Exception Attributes: array (
  'class' => 'FilesController',
  'plugin' => NULL,
)
Request URL: /nicaraguita/files/packages/1.png
Stack Trace:
#0 C:\wamp\www\nicaraguita\webroot\index.php(110): Dispatcher->dispatch(Object(CakeRequest), Object(CakeResponse))
#1 {main}
2014-02-12 04:45:17 Error: [MissingHelperException] Helper class ImageHelper could not be found.
Exception Attributes: array (
  'class' => 'ImageHelper',
  'plugin' => false,
)
Request URL: /nicaraguita/
Stack Trace:
#0 C:\wamp\www\cakephp2.3.6\lib\Cake\View\HelperCollection.php(63): HelperCollection->load('Image')
#1 C:\wamp\www\cakephp2.3.6\lib\Cake\View\View.php(835): HelperCollection->__isset('Image')
#2 C:\wamp\www\nicaraguita\View\Home\index.ctp(128): View->__get('Image')
#3 C:\wamp\www\cakephp2.3.6\lib\Cake\View\View.php(947): include('C:\wamp\www\nic...')
#4 C:\wamp\www\cakephp2.3.6\lib\Cake\View\View.php(909): View->_evaluate('C:\wamp\www\nic...', Array)
#5 C:\wamp\www\cakephp2.3.6\lib\Cake\View\View.php(471): View->_render('C:\wamp\www\nic...')
#6 C:\wamp\www\cakephp2.3.6\lib\Cake\Controller\Controller.php(948): View->render(NULL, NULL)
#7 C:\wamp\www\cakephp2.3.6\lib\Cake\Routing\Dispatcher.php(194): Controller->render()
#8 C:\wamp\www\cakephp2.3.6\lib\Cake\Routing\Dispatcher.php(162): Dispatcher->_invoke(Object(HomeController), Object(CakeRequest), Object(CakeResponse))
#9 C:\wamp\www\nicaraguita\webroot\index.php(110): Dispatcher->dispatch(Object(CakeRequest), Object(CakeResponse))
#10 {main}
2014-02-12 04:45:18 Error: [MissingControllerException] Controller class FilesController could not be found.
Exception Attributes: array (
  'class' => 'FilesController',
  'plugin' => NULL,
)
Request URL: /nicaraguita/files/packages/1.png
Stack Trace:
#0 C:\wamp\www\nicaraguita\webroot\index.php(110): Dispatcher->dispatch(Object(CakeRequest), Object(CakeResponse))
#1 {main}
2014-02-12 04:45:58 Error: [MissingHelperException] Helper class ImageHelper could not be found.
Exception Attributes: array (
  'class' => 'ImageHelper',
  'plugin' => false,
)
Request URL: /nicaraguita/
Stack Trace:
#0 C:\wamp\www\cakephp2.3.6\lib\Cake\View\HelperCollection.php(63): HelperCollection->load('Image')
#1 C:\wamp\www\cakephp2.3.6\lib\Cake\View\View.php(835): HelperCollection->__isset('Image')
#2 C:\wamp\www\nicaraguita\View\Home\index.ctp(128): View->__get('Image')
#3 C:\wamp\www\cakephp2.3.6\lib\Cake\View\View.php(947): include('C:\wamp\www\nic...')
#4 C:\wamp\www\cakephp2.3.6\lib\Cake\View\View.php(909): View->_evaluate('C:\wamp\www\nic...', Array)
#5 C:\wamp\www\cakephp2.3.6\lib\Cake\View\View.php(471): View->_render('C:\wamp\www\nic...')
#6 C:\wamp\www\cakephp2.3.6\lib\Cake\Controller\Controller.php(948): View->render(NULL, NULL)
#7 C:\wamp\www\cakephp2.3.6\lib\Cake\Routing\Dispatcher.php(194): Controller->render()
#8 C:\wamp\www\cakephp2.3.6\lib\Cake\Routing\Dispatcher.php(162): Dispatcher->_invoke(Object(HomeController), Object(CakeRequest), Object(CakeResponse))
#9 C:\wamp\www\nicaraguita\webroot\index.php(110): Dispatcher->dispatch(Object(CakeRequest), Object(CakeResponse))
#10 {main}
2014-02-12 04:45:59 Error: [MissingControllerException] Controller class FilesController could not be found.
Exception Attributes: array (
  'class' => 'FilesController',
  'plugin' => NULL,
)
Request URL: /nicaraguita/files/packages/1.png
Stack Trace:
#0 C:\wamp\www\nicaraguita\webroot\index.php(110): Dispatcher->dispatch(Object(CakeRequest), Object(CakeResponse))
#1 {main}
2014-02-12 04:46:37 Error: [MissingHelperException] Helper class ImageHelper could not be found.
Exception Attributes: array (
  'class' => 'ImageHelper',
  'plugin' => false,
)
Request URL: /nicaraguita/
Stack Trace:
#0 C:\wamp\www\cakephp2.3.6\lib\Cake\View\HelperCollection.php(63): HelperCollection->load('Image')
#1 C:\wamp\www\cakephp2.3.6\lib\Cake\View\View.php(835): HelperCollection->__isset('Image')
#2 C:\wamp\www\nicaraguita\View\Home\index.ctp(128): View->__get('Image')
#3 C:\wamp\www\cakephp2.3.6\lib\Cake\View\View.php(947): include('C:\wamp\www\nic...')
#4 C:\wamp\www\cakephp2.3.6\lib\Cake\View\View.php(909): View->_evaluate('C:\wamp\www\nic...', Array)
#5 C:\wamp\www\cakephp2.3.6\lib\Cake\View\View.php(471): View->_render('C:\wamp\www\nic...')
#6 C:\wamp\www\cakephp2.3.6\lib\Cake\Controller\Controller.php(948): View->render(NULL, NULL)
#7 C:\wamp\www\cakephp2.3.6\lib\Cake\Routing\Dispatcher.php(194): Controller->render()
#8 C:\wamp\www\cakephp2.3.6\lib\Cake\Routing\Dispatcher.php(162): Dispatcher->_invoke(Object(HomeController), Object(CakeRequest), Object(CakeResponse))
#9 C:\wamp\www\nicaraguita\webroot\index.php(110): Dispatcher->dispatch(Object(CakeRequest), Object(CakeResponse))
#10 {main}
2014-02-12 04:46:38 Error: [MissingControllerException] Controller class FilesController could not be found.
Exception Attributes: array (
  'class' => 'FilesController',
  'plugin' => NULL,
)
Request URL: /nicaraguita/files/packages/1.png
Stack Trace:
#0 C:\wamp\www\nicaraguita\webroot\index.php(110): Dispatcher->dispatch(Object(CakeRequest), Object(CakeResponse))
#1 {main}
2014-02-12 04:46:50 Error: [MissingHelperException] Helper class ImageHelper could not be found.
Exception Attributes: array (
  'class' => 'ImageHelper',
  'plugin' => false,
)
Request URL: /nicaraguita/
Stack Trace:
#0 C:\wamp\www\cakephp2.3.6\lib\Cake\View\HelperCollection.php(63): HelperCollection->load('Image')
#1 C:\wamp\www\cakephp2.3.6\lib\Cake\View\View.php(835): HelperCollection->__isset('Image')
#2 C:\wamp\www\nicaraguita\View\Home\index.ctp(128): View->__get('Image')
#3 C:\wamp\www\cakephp2.3.6\lib\Cake\View\View.php(947): include('C:\wamp\www\nic...')
#4 C:\wamp\www\cakephp2.3.6\lib\Cake\View\View.php(909): View->_evaluate('C:\wamp\www\nic...', Array)
#5 C:\wamp\www\cakephp2.3.6\lib\Cake\View\View.php(471): View->_render('C:\wamp\www\nic...')
#6 C:\wamp\www\cakephp2.3.6\lib\Cake\Controller\Controller.php(948): View->render(NULL, NULL)
#7 C:\wamp\www\cakephp2.3.6\lib\Cake\Routing\Dispatcher.php(194): Controller->render()
#8 C:\wamp\www\cakephp2.3.6\lib\Cake\Routing\Dispatcher.php(162): Dispatcher->_invoke(Object(HomeController), Object(CakeRequest), Object(CakeResponse))
#9 C:\wamp\www\nicaraguita\webroot\index.php(110): Dispatcher->dispatch(Object(CakeRequest), Object(CakeResponse))
#10 {main}
2014-02-12 04:46:51 Error: [MissingControllerException] Controller class FilesController could not be found.
Exception Attributes: array (
  'class' => 'FilesController',
  'plugin' => NULL,
)
Request URL: /nicaraguita/files/packages/1.png
Stack Trace:
#0 C:\wamp\www\nicaraguita\webroot\index.php(110): Dispatcher->dispatch(Object(CakeRequest), Object(CakeResponse))
#1 {main}
2014-02-12 04:47:07 Error: [MissingHelperException] Helper class ImageHelper could not be found.
Exception Attributes: array (
  'class' => 'ImageHelper',
  'plugin' => false,
)
Request URL: /nicaraguita/
Stack Trace:
#0 C:\wamp\www\cakephp2.3.6\lib\Cake\View\HelperCollection.php(63): HelperCollection->load('Image')
#1 C:\wamp\www\cakephp2.3.6\lib\Cake\View\View.php(835): HelperCollection->__isset('Image')
#2 C:\wamp\www\nicaraguita\View\Home\index.ctp(128): View->__get('Image')
#3 C:\wamp\www\cakephp2.3.6\lib\Cake\View\View.php(947): include('C:\wamp\www\nic...')
#4 C:\wamp\www\cakephp2.3.6\lib\Cake\View\View.php(909): View->_evaluate('C:\wamp\www\nic...', Array)
#5 C:\wamp\www\cakephp2.3.6\lib\Cake\View\View.php(471): View->_render('C:\wamp\www\nic...')
#6 C:\wamp\www\cakephp2.3.6\lib\Cake\Controller\Controller.php(948): View->render(NULL, NULL)
#7 C:\wamp\www\cakephp2.3.6\lib\Cake\Routing\Dispatcher.php(194): Controller->render()
#8 C:\wamp\www\cakephp2.3.6\lib\Cake\Routing\Dispatcher.php(162): Dispatcher->_invoke(Object(HomeController), Object(CakeRequest), Object(CakeResponse))
#9 C:\wamp\www\nicaraguita\webroot\index.php(110): Dispatcher->dispatch(Object(CakeRequest), Object(CakeResponse))
#10 {main}
2014-02-12 04:47:07 Error: [MissingControllerException] Controller class FilesController could not be found.
Exception Attributes: array (
  'class' => 'FilesController',
  'plugin' => NULL,
)
Request URL: /nicaraguita/files/packages/1.png
Stack Trace:
#0 C:\wamp\www\nicaraguita\webroot\index.php(110): Dispatcher->dispatch(Object(CakeRequest), Object(CakeResponse))
#1 {main}
2014-02-12 04:47:11 Error: [MissingControllerException] Controller class FilesController could not be found.
Exception Attributes: array (
  'class' => 'FilesController',
  'plugin' => NULL,
)
Request URL: /nicaraguita/files/packages/1.png
Stack Trace:
#0 C:\wamp\www\nicaraguita\webroot\index.php(110): Dispatcher->dispatch(Object(CakeRequest), Object(CakeResponse))
#1 {main}
2014-02-12 04:47:41 Error: [MissingHelperException] Helper class ImageHelper could not be found.
Exception Attributes: array (
  'class' => 'ImageHelper',
  'plugin' => false,
)
Request URL: /nicaraguita/
Stack Trace:
#0 C:\wamp\www\cakephp2.3.6\lib\Cake\View\HelperCollection.php(63): HelperCollection->load('Image')
#1 C:\wamp\www\cakephp2.3.6\lib\Cake\View\View.php(835): HelperCollection->__isset('Image')
#2 C:\wamp\www\nicaraguita\View\Home\index.ctp(128): View->__get('Image')
#3 C:\wamp\www\cakephp2.3.6\lib\Cake\View\View.php(947): include('C:\wamp\www\nic...')
#4 C:\wamp\www\cakephp2.3.6\lib\Cake\View\View.php(909): View->_evaluate('C:\wamp\www\nic...', Array)
#5 C:\wamp\www\cakephp2.3.6\lib\Cake\View\View.php(471): View->_render('C:\wamp\www\nic...')
#6 C:\wamp\www\cakephp2.3.6\lib\Cake\Controller\Controller.php(948): View->render(NULL, NULL)
#7 C:\wamp\www\cakephp2.3.6\lib\Cake\Routing\Dispatcher.php(194): Controller->render()
#8 C:\wamp\www\cakephp2.3.6\lib\Cake\Routing\Dispatcher.php(162): Dispatcher->_invoke(Object(HomeController), Object(CakeRequest), Object(CakeResponse))
#9 C:\wamp\www\nicaraguita\webroot\index.php(110): Dispatcher->dispatch(Object(CakeRequest), Object(CakeResponse))
#10 {main}
2014-02-12 04:48:42 Error: [MissingHelperException] Helper class ImageHelper could not be found.
Exception Attributes: array (
  'class' => 'ImageHelper',
  'plugin' => false,
)
Request URL: /nicaraguita/
Stack Trace:
#0 C:\wamp\www\cakephp2.3.6\lib\Cake\View\HelperCollection.php(63): HelperCollection->load('Image')
#1 C:\wamp\www\cakephp2.3.6\lib\Cake\View\View.php(835): HelperCollection->__isset('Image')
#2 C:\wamp\www\nicaraguita\View\Home\index.ctp(128): View->__get('Image')
#3 C:\wamp\www\cakephp2.3.6\lib\Cake\View\View.php(947): include('C:\wamp\www\nic...')
#4 C:\wamp\www\cakephp2.3.6\lib\Cake\View\View.php(909): View->_evaluate('C:\wamp\www\nic...', Array)
#5 C:\wamp\www\cakephp2.3.6\lib\Cake\View\View.php(471): View->_render('C:\wamp\www\nic...')
#6 C:\wamp\www\cakephp2.3.6\lib\Cake\Controller\Controller.php(948): View->render(NULL, NULL)
#7 C:\wamp\www\cakephp2.3.6\lib\Cake\Routing\Dispatcher.php(194): Controller->render()
#8 C:\wamp\www\cakephp2.3.6\lib\Cake\Routing\Dispatcher.php(162): Dispatcher->_invoke(Object(HomeController), Object(CakeRequest), Object(CakeResponse))
#9 C:\wamp\www\nicaraguita\webroot\index.php(110): Dispatcher->dispatch(Object(CakeRequest), Object(CakeResponse))
#10 {main}
2014-02-12 04:49:39 Error: [MissingHelperException] Helper class ImageHelper could not be found.
Exception Attributes: array (
  'class' => 'ImageHelper',
  'plugin' => false,
)
Request URL: /nicaraguita/
Stack Trace:
#0 C:\wamp\www\cakephp2.3.6\lib\Cake\View\HelperCollection.php(63): HelperCollection->load('Image')
#1 C:\wamp\www\cakephp2.3.6\lib\Cake\View\View.php(835): HelperCollection->__isset('Image')
#2 C:\wamp\www\nicaraguita\View\Home\index.ctp(128): View->__get('Image')
#3 C:\wamp\www\cakephp2.3.6\lib\Cake\View\View.php(947): include('C:\wamp\www\nic...')
#4 C:\wamp\www\cakephp2.3.6\lib\Cake\View\View.php(909): View->_evaluate('C:\wamp\www\nic...', Array)
#5 C:\wamp\www\cakephp2.3.6\lib\Cake\View\View.php(471): View->_render('C:\wamp\www\nic...')
#6 C:\wamp\www\cakephp2.3.6\lib\Cake\Controller\Controller.php(948): View->render(NULL, NULL)
#7 C:\wamp\www\cakephp2.3.6\lib\Cake\Routing\Dispatcher.php(194): Controller->render()
#8 C:\wamp\www\cakephp2.3.6\lib\Cake\Routing\Dispatcher.php(162): Dispatcher->_invoke(Object(HomeController), Object(CakeRequest), Object(CakeResponse))
#9 C:\wamp\www\nicaraguita\webroot\index.php(110): Dispatcher->dispatch(Object(CakeRequest), Object(CakeResponse))
#10 {main}
2014-02-12 04:49:43 Error: [MissingHelperException] Helper class ImageHelper could not be found.
Exception Attributes: array (
  'class' => 'ImageHelper',
  'plugin' => false,
)
Request URL: /nicaraguita/
Stack Trace:
#0 C:\wamp\www\cakephp2.3.6\lib\Cake\View\HelperCollection.php(63): HelperCollection->load('Image')
#1 C:\wamp\www\cakephp2.3.6\lib\Cake\View\View.php(835): HelperCollection->__isset('Image')
#2 C:\wamp\www\nicaraguita\View\Home\index.ctp(128): View->__get('Image')
#3 C:\wamp\www\cakephp2.3.6\lib\Cake\View\View.php(947): include('C:\wamp\www\nic...')
#4 C:\wamp\www\cakephp2.3.6\lib\Cake\View\View.php(909): View->_evaluate('C:\wamp\www\nic...', Array)
#5 C:\wamp\www\cakephp2.3.6\lib\Cake\View\View.php(471): View->_render('C:\wamp\www\nic...')
#6 C:\wamp\www\cakephp2.3.6\lib\Cake\Controller\Controller.php(948): View->render(NULL, NULL)
#7 C:\wamp\www\cakephp2.3.6\lib\Cake\Routing\Dispatcher.php(194): Controller->render()
#8 C:\wamp\www\cakephp2.3.6\lib\Cake\Routing\Dispatcher.php(162): Dispatcher->_invoke(Object(HomeController), Object(CakeRequest), Object(CakeResponse))
#9 C:\wamp\www\nicaraguita\webroot\index.php(110): Dispatcher->dispatch(Object(CakeRequest), Object(CakeResponse))
#10 {main}
2014-02-12 04:49:59 Error: [MissingHelperException] Helper class ImageHelper could not be found.
Exception Attributes: array (
  'class' => 'ImageHelper',
  'plugin' => false,
)
Request URL: /nicaraguita/
Stack Trace:
#0 C:\wamp\www\cakephp2.3.6\lib\Cake\View\HelperCollection.php(63): HelperCollection->load('Image')
#1 C:\wamp\www\cakephp2.3.6\lib\Cake\View\View.php(835): HelperCollection->__isset('Image')
#2 C:\wamp\www\nicaraguita\View\Home\index.ctp(128): View->__get('Image')
#3 C:\wamp\www\cakephp2.3.6\lib\Cake\View\View.php(947): include('C:\wamp\www\nic...')
#4 C:\wamp\www\cakephp2.3.6\lib\Cake\View\View.php(909): View->_evaluate('C:\wamp\www\nic...', Array)
#5 C:\wamp\www\cakephp2.3.6\lib\Cake\View\View.php(471): View->_render('C:\wamp\www\nic...')
#6 C:\wamp\www\cakephp2.3.6\lib\Cake\Controller\Controller.php(948): View->render(NULL, NULL)
#7 C:\wamp\www\cakephp2.3.6\lib\Cake\Routing\Dispatcher.php(194): Controller->render()
#8 C:\wamp\www\cakephp2.3.6\lib\Cake\Routing\Dispatcher.php(162): Dispatcher->_invoke(Object(HomeController), Object(CakeRequest), Object(CakeResponse))
#9 C:\wamp\www\nicaraguita\webroot\index.php(110): Dispatcher->dispatch(Object(CakeRequest), Object(CakeResponse))
#10 {main}
2014-02-12 04:50:39 Error: [MissingHelperException] Helper class ImageHelper could not be found.
Exception Attributes: array (
  'class' => 'ImageHelper',
  'plugin' => false,
)
Request URL: /nicaraguita/
Stack Trace:
#0 C:\wamp\www\cakephp2.3.6\lib\Cake\View\HelperCollection.php(63): HelperCollection->load('Image')
#1 C:\wamp\www\cakephp2.3.6\lib\Cake\View\View.php(835): HelperCollection->__isset('Image')
#2 C:\wamp\www\nicaraguita\View\Home\index.ctp(84): View->__get('Image')
#3 C:\wamp\www\cakephp2.3.6\lib\Cake\View\View.php(947): include('C:\wamp\www\nic...')
#4 C:\wamp\www\cakephp2.3.6\lib\Cake\View\View.php(909): View->_evaluate('C:\wamp\www\nic...', Array)
#5 C:\wamp\www\cakephp2.3.6\lib\Cake\View\View.php(471): View->_render('C:\wamp\www\nic...')
#6 C:\wamp\www\cakephp2.3.6\lib\Cake\Controller\Controller.php(948): View->render(NULL, NULL)
#7 C:\wamp\www\cakephp2.3.6\lib\Cake\Routing\Dispatcher.php(194): Controller->render()
#8 C:\wamp\www\cakephp2.3.6\lib\Cake\Routing\Dispatcher.php(162): Dispatcher->_invoke(Object(HomeController), Object(CakeRequest), Object(CakeResponse))
#9 C:\wamp\www\nicaraguita\webroot\index.php(110): Dispatcher->dispatch(Object(CakeRequest), Object(CakeResponse))
#10 {main}
2014-02-12 04:50:47 Error: [MissingHelperException] Helper class ImageHelper could not be found.
Exception Attributes: array (
  'class' => 'ImageHelper',
  'plugin' => false,
)
Request URL: /nicaraguita/
Stack Trace:
#0 C:\wamp\www\cakephp2.3.6\lib\Cake\View\HelperCollection.php(63): HelperCollection->load('Image')
#1 C:\wamp\www\cakephp2.3.6\lib\Cake\View\View.php(835): HelperCollection->__isset('Image')
#2 C:\wamp\www\nicaraguita\View\Home\index.ctp(83): View->__get('Image')
#3 C:\wamp\www\cakephp2.3.6\lib\Cake\View\View.php(947): include('C:\wamp\www\nic...')
#4 C:\wamp\www\cakephp2.3.6\lib\Cake\View\View.php(909): View->_evaluate('C:\wamp\www\nic...', Array)
#5 C:\wamp\www\cakephp2.3.6\lib\Cake\View\View.php(471): View->_render('C:\wamp\www\nic...')
#6 C:\wamp\www\cakephp2.3.6\lib\Cake\Controller\Controller.php(948): View->render(NULL, NULL)
#7 C:\wamp\www\cakephp2.3.6\lib\Cake\Routing\Dispatcher.php(194): Controller->render()
#8 C:\wamp\www\cakephp2.3.6\lib\Cake\Routing\Dispatcher.php(162): Dispatcher->_invoke(Object(HomeController), Object(CakeRequest), Object(CakeResponse))
#9 C:\wamp\www\nicaraguita\webroot\index.php(110): Dispatcher->dispatch(Object(CakeRequest), Object(CakeResponse))
#10 {main}
2014-02-12 04:51:27 Error: [MissingHelperException] Helper class ImageHelper could not be found.
Exception Attributes: array (
  'class' => 'ImageHelper',
  'plugin' => false,
)
Request URL: /nicaraguita/
Stack Trace:
#0 C:\wamp\www\cakephp2.3.6\lib\Cake\View\HelperCollection.php(63): HelperCollection->load('Image')
#1 C:\wamp\www\cakephp2.3.6\lib\Cake\View\View.php(835): HelperCollection->__isset('Image')
#2 C:\wamp\www\nicaraguita\View\Home\index.ctp(128): View->__get('Image')
#3 C:\wamp\www\cakephp2.3.6\lib\Cake\View\View.php(947): include('C:\wamp\www\nic...')
#4 C:\wamp\www\cakephp2.3.6\lib\Cake\View\View.php(909): View->_evaluate('C:\wamp\www\nic...', Array)
#5 C:\wamp\www\cakephp2.3.6\lib\Cake\View\View.php(471): View->_render('C:\wamp\www\nic...')
#6 C:\wamp\www\cakephp2.3.6\lib\Cake\Controller\Controller.php(948): View->render(NULL, NULL)
#7 C:\wamp\www\cakephp2.3.6\lib\Cake\Routing\Dispatcher.php(194): Controller->render()
#8 C:\wamp\www\cakephp2.3.6\lib\Cake\Routing\Dispatcher.php(162): Dispatcher->_invoke(Object(HomeController), Object(CakeRequest), Object(CakeResponse))
#9 C:\wamp\www\nicaraguita\webroot\index.php(110): Dispatcher->dispatch(Object(CakeRequest), Object(CakeResponse))
#10 {main}
2014-02-12 04:52:15 Error: [MissingHelperException] Helper class ImageHelper could not be found.
Exception Attributes: array (
  'class' => 'ImageHelper',
  'plugin' => false,
)
Request URL: /nicaraguita/
Stack Trace:
#0 C:\wamp\www\cakephp2.3.6\lib\Cake\View\HelperCollection.php(63): HelperCollection->load('Image')
#1 C:\wamp\www\cakephp2.3.6\lib\Cake\View\View.php(835): HelperCollection->__isset('Image')
#2 C:\wamp\www\nicaraguita\View\Home\index.ctp(29): View->__get('Image')
#3 C:\wamp\www\cakephp2.3.6\lib\Cake\View\View.php(947): include('C:\wamp\www\nic...')
#4 C:\wamp\www\cakephp2.3.6\lib\Cake\View\View.php(909): View->_evaluate('C:\wamp\www\nic...', Array)
#5 C:\wamp\www\cakephp2.3.6\lib\Cake\View\View.php(471): View->_render('C:\wamp\www\nic...')
#6 C:\wamp\www\cakephp2.3.6\lib\Cake\Controller\Controller.php(948): View->render(NULL, NULL)
#7 C:\wamp\www\cakephp2.3.6\lib\Cake\Routing\Dispatcher.php(194): Controller->render()
#8 C:\wamp\www\cakephp2.3.6\lib\Cake\Routing\Dispatcher.php(162): Dispatcher->_invoke(Object(HomeController), Object(CakeRequest), Object(CakeResponse))
#9 C:\wamp\www\nicaraguita\webroot\index.php(110): Dispatcher->dispatch(Object(CakeRequest), Object(CakeResponse))
#10 {main}
2014-02-12 04:52:49 Error: [MissingHelperException] Helper class ImageHelper could not be found.
Exception Attributes: array (
  'class' => 'ImageHelper',
  'plugin' => false,
)
Request URL: /nicaraguita/
Stack Trace:
#0 C:\wamp\www\cakephp2.3.6\lib\Cake\View\HelperCollection.php(63): HelperCollection->load('Image')
#1 C:\wamp\www\cakephp2.3.6\lib\Cake\View\View.php(835): HelperCollection->__isset('Image')
#2 C:\wamp\www\nicaraguita\View\Home\index.ctp(129): View->__get('Image')
#3 C:\wamp\www\cakephp2.3.6\lib\Cake\View\View.php(947): include('C:\wamp\www\nic...')
#4 C:\wamp\www\cakephp2.3.6\lib\Cake\View\View.php(909): View->_evaluate('C:\wamp\www\nic...', Array)
#5 C:\wamp\www\cakephp2.3.6\lib\Cake\View\View.php(471): View->_render('C:\wamp\www\nic...')
#6 C:\wamp\www\cakephp2.3.6\lib\Cake\Controller\Controller.php(948): View->render(NULL, NULL)
#7 C:\wamp\www\cakephp2.3.6\lib\Cake\Routing\Dispatcher.php(194): Controller->render()
#8 C:\wamp\www\cakephp2.3.6\lib\Cake\Routing\Dispatcher.php(162): Dispatcher->_invoke(Object(HomeController), Object(CakeRequest), Object(CakeResponse))
#9 C:\wamp\www\nicaraguita\webroot\index.php(110): Dispatcher->dispatch(Object(CakeRequest), Object(CakeResponse))
#10 {main}
2014-02-12 04:54:08 Error: [MissingHelperException] Helper class ImageHelper could not be found.
Exception Attributes: array (
  'class' => 'ImageHelper',
  'plugin' => false,
)
Request URL: /nicaraguita/
Stack Trace:
#0 C:\wamp\www\cakephp2.3.6\lib\Cake\View\HelperCollection.php(63): HelperCollection->load('Image')
#1 C:\wamp\www\cakephp2.3.6\lib\Cake\View\View.php(835): HelperCollection->__isset('Image')
#2 C:\wamp\www\nicaraguita\View\Home\index.ctp(115): View->__get('Image')
#3 C:\wamp\www\cakephp2.3.6\lib\Cake\View\View.php(947): include('C:\wamp\www\nic...')
#4 C:\wamp\www\cakephp2.3.6\lib\Cake\View\View.php(909): View->_evaluate('C:\wamp\www\nic...', Array)
#5 C:\wamp\www\cakephp2.3.6\lib\Cake\View\View.php(471): View->_render('C:\wamp\www\nic...')
#6 C:\wamp\www\cakephp2.3.6\lib\Cake\Controller\Controller.php(948): View->render(NULL, NULL)
#7 C:\wamp\www\cakephp2.3.6\lib\Cake\Routing\Dispatcher.php(194): Controller->render()
#8 C:\wamp\www\cakephp2.3.6\lib\Cake\Routing\Dispatcher.php(162): Dispatcher->_invoke(Object(HomeController), Object(CakeRequest), Object(CakeResponse))
#9 C:\wamp\www\nicaraguita\webroot\index.php(110): Dispatcher->dispatch(Object(CakeRequest), Object(CakeResponse))
#10 {main}
2014-02-12 04:54:47 Error: [MissingHelperException] Helper class ImageHelper could not be found.
Exception Attributes: array (
  'class' => 'ImageHelper',
  'plugin' => false,
)
Request URL: /nicaraguita/
Stack Trace:
#0 C:\wamp\www\cakephp2.3.6\lib\Cake\View\HelperCollection.php(63): HelperCollection->load('Image')
#1 C:\wamp\www\cakephp2.3.6\lib\Cake\View\View.php(835): HelperCollection->__isset('Image')
#2 C:\wamp\www\nicaraguita\View\Home\index.ctp(128): View->__get('Image')
#3 C:\wamp\www\cakephp2.3.6\lib\Cake\View\View.php(947): include('C:\wamp\www\nic...')
#4 C:\wamp\www\cakephp2.3.6\lib\Cake\View\View.php(909): View->_evaluate('C:\wamp\www\nic...', Array)
#5 C:\wamp\www\cakephp2.3.6\lib\Cake\View\View.php(471): View->_render('C:\wamp\www\nic...')
#6 C:\wamp\www\cakephp2.3.6\lib\Cake\Controller\Controller.php(948): View->render(NULL, NULL)
#7 C:\wamp\www\cakephp2.3.6\lib\Cake\Routing\Dispatcher.php(194): Controller->render()
#8 C:\wamp\www\cakephp2.3.6\lib\Cake\Routing\Dispatcher.php(162): Dispatcher->_invoke(Object(HomeController), Object(CakeRequest), Object(CakeResponse))
#9 C:\wamp\www\nicaraguita\webroot\index.php(110): Dispatcher->dispatch(Object(CakeRequest), Object(CakeResponse))
#10 {main}
<<<<<<< HEAD
2014-02-13 03:28:16 Error: [MissingControllerException] Controller class CssController could not be found.
=======
2014-02-12 17:37:32 Error: [PDOException] SQLSTATE[42S22]: Column not found: 1054 Unknown column 'recomendado' in 'where clause'
Request URL: /nicaraguita/
Stack Trace:
#0 C:\wamp\www\cakephp2.3.6\lib\Cake\Model\Datasource\DboSource.php(460): PDOStatement->execute(Array)
#1 C:\wamp\www\cakephp2.3.6\lib\Cake\Model\Datasource\DboSource.php(426): DboSource->_execute('SELECT `Package...', Array)
#2 C:\wamp\www\cakephp2.3.6\lib\Cake\Model\Datasource\DboSource.php(669): DboSource->execute('SELECT `Package...', Array, Array)
#3 C:\wamp\www\cakephp2.3.6\lib\Cake\Model\Datasource\DboSource.php(1080): DboSource->fetchAll('SELECT `Package...', false)
#4 C:\wamp\www\cakephp2.3.6\lib\Cake\Model\Model.php(2696): DboSource->read(Object(Package), Array)
#5 C:\wamp\www\nicaraguita\Controller\HomeController.php(22): Model->find('all', Array)
#6 [internal function]: HomeController->index()
#7 C:\wamp\www\cakephp2.3.6\lib\Cake\Controller\Controller.php(486): ReflectionMethod->invokeArgs(Object(HomeController), Array)
#8 C:\wamp\www\cakephp2.3.6\lib\Cake\Routing\Dispatcher.php(187): Controller->invokeAction(Object(CakeRequest))
#9 C:\wamp\www\cakephp2.3.6\lib\Cake\Routing\Dispatcher.php(162): Dispatcher->_invoke(Object(HomeController), Object(CakeRequest), Object(CakeResponse))
#10 C:\wamp\www\nicaraguita\webroot\index.php(110): Dispatcher->dispatch(Object(CakeRequest), Object(CakeResponse))
#11 {main}
2014-02-13 20:36:35 Error: [MissingControllerException] Controller class CssController could not be found.
Exception Attributes: array (
  'class' => 'CssController',
  'plugin' => NULL,
)
Request URL: /nicaraguita/css/toggle-switch.css
Stack Trace:
#0 C:\wamp\www\nicaraguita\webroot\index.php(110): Dispatcher->dispatch(Object(CakeRequest), Object(CakeResponse))
#1 {main}
2014-02-13 20:37:57 Error: [MissingControllerException] Controller class CssController could not be found.
Exception Attributes: array (
  'class' => 'CssController',
  'plugin' => NULL,
)
Request URL: /nicaraguita/css/toggle-switch.css
Stack Trace:
#0 C:\wamp\www\nicaraguita\webroot\index.php(110): Dispatcher->dispatch(Object(CakeRequest), Object(CakeResponse))
#1 {main}
2014-02-13 20:38:19 Error: [MissingControllerException] Controller class CssController could not be found.
Exception Attributes: array (
  'class' => 'CssController',
  'plugin' => NULL,
)
Request URL: /nicaraguita/css/toggle-switch.css
Stack Trace:
#0 C:\wamp\www\nicaraguita\webroot\index.php(110): Dispatcher->dispatch(Object(CakeRequest), Object(CakeResponse))
#1 {main}
2014-02-13 20:41:41 Error: [MissingControllerException] Controller class CssController could not be found.
>>>>>>> 50794d2e5aee0c26be903e5a3810c41d774239cd
Exception Attributes: array (
  'class' => 'CssController',
  'plugin' => NULL,
)
Request URL: /nicaraguita/css/toggle-switch.css
Stack Trace:
#0 C:\wamp\www\nicaraguita\webroot\index.php(110): Dispatcher->dispatch(Object(CakeRequest), Object(CakeResponse))
#1 {main}
<<<<<<< HEAD
2014-02-13 03:28:35 Error: [MissingControllerException] Controller class CssController could not be found.
=======
2014-02-13 20:41:43 Error: [PDOException] SQLSTATE[42S22]: Column not found: 1054 Unknown column 'Package.user_id' in 'on clause'
Request URL: /nicaraguita/admin/packages
Stack Trace:
#0 C:\wamp\www\cakephp2.3.6\lib\Cake\Model\Datasource\DboSource.php(460): PDOStatement->execute(Array)
#1 C:\wamp\www\cakephp2.3.6\lib\Cake\Model\Datasource\DboSource.php(426): DboSource->_execute('SELECT `Package...', Array)
#2 C:\wamp\www\cakephp2.3.6\lib\Cake\Model\Datasource\DboSource.php(669): DboSource->execute('SELECT `Package...', Array, Array)
#3 C:\wamp\www\cakephp2.3.6\lib\Cake\Model\Datasource\DboSource.php(1080): DboSource->fetchAll('SELECT `Package...', false)
#4 C:\wamp\www\cakephp2.3.6\lib\Cake\Model\Model.php(2696): DboSource->read(Object(Package), Array)
#5 C:\wamp\www\cakephp2.3.6\lib\Cake\Controller\Component\PaginatorComponent.php(197): Model->find('all', Array)
#6 C:\wamp\www\cakephp2.3.6\lib\Cake\Controller\Controller.php(1074): PaginatorComponent->paginate(NULL, Array, Array)
#7 C:\wamp\www\nicaraguita\Controller\PackagesController.php(17): Controller->paginate()
#8 [internal function]: PackagesController->admin_index()
#9 C:\wamp\www\cakephp2.3.6\lib\Cake\Controller\Controller.php(486): ReflectionMethod->invokeArgs(Object(PackagesController), Array)
#10 C:\wamp\www\cakephp2.3.6\lib\Cake\Routing\Dispatcher.php(187): Controller->invokeAction(Object(CakeRequest))
#11 C:\wamp\www\cakephp2.3.6\lib\Cake\Routing\Dispatcher.php(162): Dispatcher->_invoke(Object(PackagesController), Object(CakeRequest), Object(CakeResponse))
#12 C:\wamp\www\nicaraguita\webroot\index.php(110): Dispatcher->dispatch(Object(CakeRequest), Object(CakeResponse))
#13 {main}
2014-02-13 20:42:59 Error: [MissingViewException] View file "C:\wamp\www\nicaraguita\View\Packages\admin_index.ctp" is missing.
Exception Attributes: array (
  'file' => 'C:\\wamp\\www\\nicaraguita\\View\\Packages\\admin_index.ctp',
)
Request URL: /nicaraguita/admin/packages
Stack Trace:
#0 C:\wamp\www\cakephp2.3.6\lib\Cake\View\View.php(468): View->_getViewFileName(NULL)
#1 C:\wamp\www\cakephp2.3.6\lib\Cake\Controller\Controller.php(948): View->render(NULL, NULL)
#2 C:\wamp\www\cakephp2.3.6\lib\Cake\Routing\Dispatcher.php(194): Controller->render()
#3 C:\wamp\www\cakephp2.3.6\lib\Cake\Routing\Dispatcher.php(162): Dispatcher->_invoke(Object(PackagesController), Object(CakeRequest), Object(CakeResponse))
#4 C:\wamp\www\nicaraguita\webroot\index.php(110): Dispatcher->dispatch(Object(CakeRequest), Object(CakeResponse))
#5 {main}
2014-02-13 20:43:46 Error: [MissingControllerException] Controller class CssController could not be found.
>>>>>>> 50794d2e5aee0c26be903e5a3810c41d774239cd
Exception Attributes: array (
  'class' => 'CssController',
  'plugin' => NULL,
)
Request URL: /nicaraguita/css/toggle-switch.css
Stack Trace:
#0 C:\wamp\www\nicaraguita\webroot\index.php(110): Dispatcher->dispatch(Object(CakeRequest), Object(CakeResponse))
#1 {main}
<<<<<<< HEAD
2014-02-13 03:29:09 Error: [MissingControllerException] Controller class CssController could not be found.
=======
2014-02-13 21:01:19 Error: [MissingControllerException] Controller class CssController could not be found.
>>>>>>> 50794d2e5aee0c26be903e5a3810c41d774239cd
Exception Attributes: array (
  'class' => 'CssController',
  'plugin' => NULL,
)
Request URL: /nicaraguita/css/toggle-switch.css
Stack Trace:
#0 C:\wamp\www\nicaraguita\webroot\index.php(110): Dispatcher->dispatch(Object(CakeRequest), Object(CakeResponse))
#1 {main}
<<<<<<< HEAD
=======
2014-02-13 21:02:04 Error: [MissingControllerException] Controller class CssController could not be found.
Exception Attributes: array (
  'class' => 'CssController',
  'plugin' => NULL,
)
Request URL: /nicaraguita/css/toggle-switch.css
Stack Trace:
#0 C:\wamp\www\nicaraguita\webroot\index.php(110): Dispatcher->dispatch(Object(CakeRequest), Object(CakeResponse))
#1 {main}
2014-02-13 21:02:46 Error: [MissingControllerException] Controller class CssController could not be found.
Exception Attributes: array (
  'class' => 'CssController',
  'plugin' => NULL,
)
Request URL: /nicaraguita/css/toggle-switch.css
Stack Trace:
#0 C:\wamp\www\nicaraguita\webroot\index.php(110): Dispatcher->dispatch(Object(CakeRequest), Object(CakeResponse))
#1 {main}
2014-02-13 22:11:18 Error: [MissingControllerException] Controller class CssController could not be found.
Exception Attributes: array (
  'class' => 'CssController',
  'plugin' => NULL,
)
Request URL: /nicaraguita/css/toggle-switch.css
Stack Trace:
#0 C:\wamp\www\nicaraguita\webroot\index.php(110): Dispatcher->dispatch(Object(CakeRequest), Object(CakeResponse))
#1 {main}
2014-02-13 22:13:07 Error: [MissingControllerException] Controller class CssController could not be found.
Exception Attributes: array (
  'class' => 'CssController',
  'plugin' => NULL,
)
Request URL: /nicaraguita/css/toggle-switch.css
Stack Trace:
#0 C:\wamp\www\nicaraguita\webroot\index.php(110): Dispatcher->dispatch(Object(CakeRequest), Object(CakeResponse))
#1 {main}
2014-02-13 22:29:52 Error: Fatal Error (1): Call to a member function find() on a non-object in [C:\wamp\www\nicaraguita\Controller\PackagesController.php, line 50]
2014-02-13 22:29:52 Error: [FatalErrorException] Call to a member function find() on a non-object
Request URL: /nicaraguita/admin/packages/add
Stack Trace:
#0 C:\wamp\www\cakephp2.3.6\lib\Cake\Error\ErrorHandler.php(184): ErrorHandler::handleFatalError(1, 'Call to a membe...', 'C:\wamp\www\nic...', 50)
#1 [internal function]: ErrorHandler::handleError(1, 'Call to a membe...', 'C:\wamp\www\nic...', 50, Array)
#2 C:\wamp\www\cakephp2.3.6\lib\Cake\Core\App.php(927): call_user_func('ErrorHandler::h...', 1, 'Call to a membe...', 'C:\wamp\www\nic...', 50, Array)
#3 C:\wamp\www\cakephp2.3.6\lib\Cake\Core\App.php(900): App::_checkFatalError()
#4 [internal function]: App::shutdown()
#5 {main}
2014-02-13 22:30:12 Error: Fatal Error (1): Call to a member function find() on a non-object in [C:\wamp\www\nicaraguita\Controller\PackagesController.php, line 50]
2014-02-13 22:30:12 Error: [FatalErrorException] Call to a member function find() on a non-object
Request URL: /nicaraguita/admin/packages/add
Stack Trace:
#0 C:\wamp\www\cakephp2.3.6\lib\Cake\Error\ErrorHandler.php(184): ErrorHandler::handleFatalError(1, 'Call to a membe...', 'C:\wamp\www\nic...', 50)
#1 [internal function]: ErrorHandler::handleError(1, 'Call to a membe...', 'C:\wamp\www\nic...', 50, Array)
#2 C:\wamp\www\cakephp2.3.6\lib\Cake\Core\App.php(927): call_user_func('ErrorHandler::h...', 1, 'Call to a membe...', 'C:\wamp\www\nic...', 50, Array)
#3 C:\wamp\www\cakephp2.3.6\lib\Cake\Core\App.php(900): App::_checkFatalError()
#4 [internal function]: App::shutdown()
#5 {main}
2014-02-13 22:30:29 Error: [MissingControllerException] Controller class CssController could not be found.
Exception Attributes: array (
  'class' => 'CssController',
  'plugin' => NULL,
)
Request URL: /nicaraguita/css/toggle-switch.css
Stack Trace:
#0 C:\wamp\www\nicaraguita\webroot\index.php(110): Dispatcher->dispatch(Object(CakeRequest), Object(CakeResponse))
#1 {main}
2014-02-13 22:31:33 Error: [MissingControllerException] Controller class CssController could not be found.
Exception Attributes: array (
  'class' => 'CssController',
  'plugin' => NULL,
)
Request URL: /nicaraguita/css/toggle-switch.css
Stack Trace:
#0 C:\wamp\www\nicaraguita\webroot\index.php(110): Dispatcher->dispatch(Object(CakeRequest), Object(CakeResponse))
#1 {main}
2014-02-13 22:32:22 Error: [MissingControllerException] Controller class CssController could not be found.
Exception Attributes: array (
  'class' => 'CssController',
  'plugin' => NULL,
)
Request URL: /nicaraguita/css/toggle-switch.css
Stack Trace:
#0 C:\wamp\www\nicaraguita\webroot\index.php(110): Dispatcher->dispatch(Object(CakeRequest), Object(CakeResponse))
#1 {main}
2014-02-13 22:55:54 Error: [MissingControllerException] Controller class JsController could not be found.
Exception Attributes: array (
  'class' => 'JsController',
  'plugin' => NULL,
)
Request URL: /nicaraguita/js/jquery.uploadifive.min.js
Stack Trace:
#0 C:\wamp\www\nicaraguita\webroot\index.php(110): Dispatcher->dispatch(Object(CakeRequest), Object(CakeResponse))
#1 {main}
2014-02-13 22:56:04 Error: [MissingControllerException] Controller class JsController could not be found.
Exception Attributes: array (
  'class' => 'JsController',
  'plugin' => NULL,
)
Request URL: /nicaraguita/js/jquery.uploadifive.min.js
Stack Trace:
#0 C:\wamp\www\nicaraguita\webroot\index.php(110): Dispatcher->dispatch(Object(CakeRequest), Object(CakeResponse))
#1 {main}
>>>>>>> 50794d2e5aee0c26be903e5a3810c41d774239cd
2014-02-14 03:18:59 Error: [MissingActionException] Action UsersController::admin_login() could not be found.
Exception Attributes: array (
  'controller' => 'UsersController',
  'action' => 'admin_login',
)
Request URL: /nicaraguita/admin
Stack Trace:
#0 C:\wamp\www\cakephp2.3.6\lib\Cake\Routing\Dispatcher.php(187): Controller->invokeAction(Object(CakeRequest))
#1 C:\wamp\www\cakephp2.3.6\lib\Cake\Routing\Dispatcher.php(162): Dispatcher->_invoke(Object(UsersController), Object(CakeRequest), Object(CakeResponse))
#2 C:\wamp\www\nicaraguita\webroot\index.php(110): Dispatcher->dispatch(Object(CakeRequest), Object(CakeResponse))
#3 {main}
2014-02-14 03:20:16 Error: [MissingActionException] Action UsersController::admin_login() could not be found.
Exception Attributes: array (
  'controller' => 'UsersController',
  'action' => 'admin_login',
)
Request URL: /nicaraguita/admin
Stack Trace:
#0 C:\wamp\www\cakephp2.3.6\lib\Cake\Routing\Dispatcher.php(187): Controller->invokeAction(Object(CakeRequest))
#1 C:\wamp\www\cakephp2.3.6\lib\Cake\Routing\Dispatcher.php(162): Dispatcher->_invoke(Object(UsersController), Object(CakeRequest), Object(CakeResponse))
#2 C:\wamp\www\nicaraguita\webroot\index.php(110): Dispatcher->dispatch(Object(CakeRequest), Object(CakeResponse))
#3 {main}
2014-02-14 03:26:29 Error: [MissingActionException] Action UsersController::home() could not be found.
Exception Attributes: array (
  'controller' => 'UsersController',
  'action' => 'home',
)
Request URL: /nicaraguita/users/home
Stack Trace:
#0 C:\wamp\www\cakephp2.3.6\lib\Cake\Routing\Dispatcher.php(187): Controller->invokeAction(Object(CakeRequest))
#1 C:\wamp\www\cakephp2.3.6\lib\Cake\Routing\Dispatcher.php(162): Dispatcher->_invoke(Object(UsersController), Object(CakeRequest), Object(CakeResponse))
#2 C:\wamp\www\nicaraguita\webroot\index.php(110): Dispatcher->dispatch(Object(CakeRequest), Object(CakeResponse))
#3 {main}
2014-02-14 03:30:52 Error: [PDOException] SQLSTATE[23000]: Integrity constraint violation: 1052 Column 'nombre' in where clause is ambiguous
Request URL: /nicaraguita/admin/packages/add
Stack Trace:
#0 C:\wamp\www\cakephp2.3.6\lib\Cake\Model\Datasource\DboSource.php(460): PDOStatement->execute(Array)
#1 C:\wamp\www\cakephp2.3.6\lib\Cake\Model\Datasource\DboSource.php(426): DboSource->_execute('SELECT `Package...', Array)
#2 C:\wamp\www\cakephp2.3.6\lib\Cake\Model\Datasource\DboSource.php(669): DboSource->execute('SELECT `Package...', Array, Array)
#3 C:\wamp\www\cakephp2.3.6\lib\Cake\Model\Datasource\DboSource.php(1080): DboSource->fetchAll('SELECT `Package...', false)
#4 C:\wamp\www\cakephp2.3.6\lib\Cake\Model\Model.php(2696): DboSource->read(Object(Package), Array)
#5 C:\wamp\www\cakephp2.3.6\lib\Cake\Model\Model.php(2537): Model->find('all', Array)
#6 C:\wamp\www\nicaraguita\Controller\PackagesController.php(64): Model->deleteAll(Array)
#7 [internal function]: PackagesController->admin_add()
#8 C:\wamp\www\cakephp2.3.6\lib\Cake\Controller\Controller.php(486): ReflectionMethod->invokeArgs(Object(PackagesController), Array)
#9 C:\wamp\www\cakephp2.3.6\lib\Cake\Routing\Dispatcher.php(187): Controller->invokeAction(Object(CakeRequest))
#10 C:\wamp\www\cakephp2.3.6\lib\Cake\Routing\Dispatcher.php(162): Dispatcher->_invoke(Object(PackagesController), Object(CakeRequest), Object(CakeResponse))
#11 C:\wamp\www\nicaraguita\webroot\index.php(110): Dispatcher->dispatch(Object(CakeRequest), Object(CakeResponse))
#12 {main}
2014-02-14 03:31:38 Error: [PDOException] SQLSTATE[23000]: Integrity constraint violation: 1052 Column 'nombre' in where clause is ambiguous
Request URL: /nicaraguita/admin/packages/add
Stack Trace:
#0 C:\wamp\www\cakephp2.3.6\lib\Cake\Model\Datasource\DboSource.php(460): PDOStatement->execute(Array)
#1 C:\wamp\www\cakephp2.3.6\lib\Cake\Model\Datasource\DboSource.php(426): DboSource->_execute('SELECT `Package...', Array)
#2 C:\wamp\www\cakephp2.3.6\lib\Cake\Model\Datasource\DboSource.php(669): DboSource->execute('SELECT `Package...', Array, Array)
#3 C:\wamp\www\cakephp2.3.6\lib\Cake\Model\Datasource\DboSource.php(1080): DboSource->fetchAll('SELECT `Package...', false)
#4 C:\wamp\www\cakephp2.3.6\lib\Cake\Model\Model.php(2696): DboSource->read(Object(Package), Array)
#5 C:\wamp\www\cakephp2.3.6\lib\Cake\Model\Model.php(2537): Model->find('all', Array)
#6 C:\wamp\www\nicaraguita\Controller\PackagesController.php(64): Model->deleteAll(Array)
#7 [internal function]: PackagesController->admin_add()
#8 C:\wamp\www\cakephp2.3.6\lib\Cake\Controller\Controller.php(486): ReflectionMethod->invokeArgs(Object(PackagesController), Array)
#9 C:\wamp\www\cakephp2.3.6\lib\Cake\Routing\Dispatcher.php(187): Controller->invokeAction(Object(CakeRequest))
#10 C:\wamp\www\cakephp2.3.6\lib\Cake\Routing\Dispatcher.php(162): Dispatcher->_invoke(Object(PackagesController), Object(CakeRequest), Object(CakeResponse))
#11 C:\wamp\www\nicaraguita\webroot\index.php(110): Dispatcher->dispatch(Object(CakeRequest), Object(CakeResponse))
#12 {main}
2014-02-14 03:44:51 Error: Fatal Error (1): Call to a member function generatePermalink() on a non-object in [C:\wamp\www\nicaraguita\Controller\PackagesController.php, line 43]
2014-02-14 03:44:51 Error: [FatalErrorException] Call to a member function generatePermalink() on a non-object
Request URL: /nicaraguita/admin/packages/add
Stack Trace:
#0 C:\wamp\www\cakephp2.3.6\lib\Cake\Error\ErrorHandler.php(184): ErrorHandler::handleFatalError(1, 'Call to a membe...', 'C:\wamp\www\nic...', 43)
#1 [internal function]: ErrorHandler::handleError(1, 'Call to a membe...', 'C:\wamp\www\nic...', 43, Array)
#2 C:\wamp\www\cakephp2.3.6\lib\Cake\Core\App.php(927): call_user_func('ErrorHandler::h...', 1, 'Call to a membe...', 'C:\wamp\www\nic...', 43, Array)
#3 C:\wamp\www\cakephp2.3.6\lib\Cake\Core\App.php(900): App::_checkFatalError()
#4 [internal function]: App::shutdown()
#5 {main}
2014-02-14 03:45:20 Error: [PDOException] SQLSTATE[23000]: Integrity constraint violation: 1052 Column 'nombre' in where clause is ambiguous
Request URL: /nicaraguita/admin/packages/add
Stack Trace:
#0 C:\wamp\www\cakephp2.3.6\lib\Cake\Model\Datasource\DboSource.php(460): PDOStatement->execute(Array)
#1 C:\wamp\www\cakephp2.3.6\lib\Cake\Model\Datasource\DboSource.php(426): DboSource->_execute('SELECT `Package...', Array)
#2 C:\wamp\www\cakephp2.3.6\lib\Cake\Model\Datasource\DboSource.php(669): DboSource->execute('SELECT `Package...', Array, Array)
#3 C:\wamp\www\cakephp2.3.6\lib\Cake\Model\Datasource\DboSource.php(1080): DboSource->fetchAll('SELECT `Package...', false)
#4 C:\wamp\www\cakephp2.3.6\lib\Cake\Model\Model.php(2696): DboSource->read(Object(Package), Array)
#5 C:\wamp\www\nicaraguita\Controller\PackagesController.php(51): Model->find('first', Array)
#6 [internal function]: PackagesController->admin_add()
#7 C:\wamp\www\cakephp2.3.6\lib\Cake\Controller\Controller.php(486): ReflectionMethod->invokeArgs(Object(PackagesController), Array)
#8 C:\wamp\www\cakephp2.3.6\lib\Cake\Routing\Dispatcher.php(187): Controller->invokeAction(Object(CakeRequest))
#9 C:\wamp\www\cakephp2.3.6\lib\Cake\Routing\Dispatcher.php(162): Dispatcher->_invoke(Object(PackagesController), Object(CakeRequest), Object(CakeResponse))
#10 C:\wamp\www\nicaraguita\webroot\index.php(110): Dispatcher->dispatch(Object(CakeRequest), Object(CakeResponse))
#11 {main}
2014-02-14 04:01:41 Error: Fatal Error (1): Call to a member function find() on a non-object in [C:\wamp\www\nicaraguita\Controller\PackagesController.php, line 93]
2014-02-14 04:01:41 Error: [FatalErrorException] Call to a member function find() on a non-object
Request URL: /nicaraguita/admin/packages/edit/7
Stack Trace:
#0 C:\wamp\www\cakephp2.3.6\lib\Cake\Error\ErrorHandler.php(184): ErrorHandler::handleFatalError(1, 'Call to a membe...', 'C:\wamp\www\nic...', 93)
#1 [internal function]: ErrorHandler::handleError(1, 'Call to a membe...', 'C:\wamp\www\nic...', 93, Array)
#2 C:\wamp\www\cakephp2.3.6\lib\Cake\Core\App.php(927): call_user_func('ErrorHandler::h...', 1, 'Call to a membe...', 'C:\wamp\www\nic...', 93, Array)
#3 C:\wamp\www\cakephp2.3.6\lib\Cake\Core\App.php(900): App::_checkFatalError()
#4 [internal function]: App::shutdown()
#5 {main}
